1000 2
3.141683
27.33
3.141579
27.54
3.141449
24.52
3.141654
24.70
3.141617
24.59
3.141462
24.19
3.141434
24.23
3.141458
24.08
3.141448
24.15
3.141664
24.75
3.141463
25.04
3.141617
25.02
3.141555
22.38
3.141633
24.98
3.141685
24.54
3.141682
25.24
3.141720
24.18
3.141551
24.74
3.141768
24.00
3.141518
27.87
3.141554
23.65
3.141472
24.48
3.141594
25.18
3.141622
24.71
3.141453
24.60
3.141668
24.31
3.141617
24.68
3.141786
26.89
3.141657
27.48
3.141554
24.99
3.141606
24.74
3.141681
24.38
3.141491
24.23
3.141665
24.11
3.141587
24.67
3.141274
22.96
3.141450
25.20
3.141644
25.03
3.141660
24.04
3.141508
24.50
3.141583
24.76
3.141645
24.80
3.141354
23.17
3.141347
24.23
3.141575
25.21
3.141202
24.11
3.141519
24.69
3.141482
24.27
3.141482
23.54
3.141329
24.04
3.141694
23.65
3.141666
24.85
3.141500
24.89
3.141789
24.92
3.141757
24.08
3.141629
24.85
3.141756
24.33
3.141792
24.43
3.141636
24.86
3.141453
22.84
3.141649
24.87
3.141626
24.48
3.141635
24.60
3.141747
27.88
3.141522
24.70
3.141483
24.70
3.141512
23.70
3.141487
24.07
3.141724
24.58
3.141806
24.79
3.141832
23.81
3.141387
22.62
3.141296
24.73
3.141825
24.37
3.141499
24.41
3.141612
24.41
3.141414
24.57
3.141602
24.17
3.141737
25.02
3.141622
25.04
3.141834
24.94
3.141688
24.47
3.141396
23.91
3.141321
24.43
3.141716
26.49
3.141653
24.65
3.141667
24.13
3.141597
22.80
3.141615
24.99
3.141475
24.17
3.141812
28.10
3.141573
23.64
3.141566
24.71
3.141519
25.10
3.141664
24.40
3.141549
25.20
3.141768
24.48
3.141623
24.20
3.141628
23.72
3.141638
24.26
3.141534
24.11
3.141392
24.52
3.141501
25.02
3.141745
24.97
3.141845
22.97
3.141685
26.09
3.141448
28.65
3.141603
24.46
3.141775
24.56
3.141627
24.80
3.141669
24.60
3.141717
25.30
3.141556
24.76
3.141122
25.01
3.141419
24.60
3.141658
24.02
3.141489
24.04
3.141327
24.80
3.141512
23.99
3.141631
24.80
3.141500
24.18
3.141692
24.41
3.141710
25.01
3.141646
24.60
3.141591
24.34
3.141815
25.02
3.141764
24.56
3.141460
23.83
3.141554
24.66
3.141587
23.88
3.141626
24.48
3.141225
24.41
3.141393
23.99
3.141445
23.78
3.141586
27.41
3.141808
24.27
3.141567
24.85
3.141563
24.08
3.141478
24.40
3.141685
25.31
3.141326
24.90
3.141141
25.04
3.141545
25.14
3.141688
24.58
3.141576
24.50
3.141562
24.78
3.141606
24.91
3.141695
25.05
3.141444
24.59
3.141618
24.62
3.141597
24.99
3.141638
23.79
3.141699
24.39
3.141815
24.82
3.141521
25.19
3.141429
24.18
3.141747
25.04
3.141727
24.36
3.141345
24.17
3.141365
23.98
3.141586
24.33
3.141588
24.41
3.141436
24.66
3.141499
24.69
3.141832
24.60
3.141613
25.06
3.141595
24.57
3.141596
24.89
3.141477
24.04
3.141676
24.53
3.141260
24.30
3.141186
24.30
3.141676
24.86
3.141648
24.64
3.141457
24.59
3.141244
24.98
3.141729
24.28
3.141831
24.28
3.141750
24.18
3.141350
24.36
3.141450
24.80
3.141450
24.90
3.141409
25.30
3.141515
24.11
3.141531
24.83
3.141562
25.15
3.141676
24.50
3.141613
24.48
3.141825
25.38
3.141700
24.29
3.141277
29.49
3.141545
26.87
3.141353
24.79
3.141548
24.36
3.141641
24.94
3.141734
24.52
3.141525
24.84
3.141778
24.74
3.141809
24.36
3.141577
24.74
3.141791
24.65
3.141407
24.70
3.141543
24.65
3.141299
23.85
3.141552
24.87
3.141553
24.12
3.141529
24.65
3.141522
24.20
3.141679
24.86
3.141431
23.92
3.141329
25.01
3.141585
24.66
3.141658
24.76
3.141739
24.11
3.141540
24.78
3.141575
24.52
3.141529
24.34
3.141525
24.53
3.141653
24.11
3.141583
24.89
3.141574
24.20
3.141493
24.47
3.141675
23.10
3.141616
24.59
3.141843
24.42
3.141564
24.48
3.141624
23.99
3.141548
24.00
3.141714
24.59
3.141579
24.78
3.141520
24.07
3.141333
24.07
3.141820
24.22
3.141616
24.57
3.141674
23.92
3.141141
24.19
3.141523
24.74
3.141417
25.14
3.141740
24.06
3.141588
24.62
3.141773
24.62
3.141573
23.73
3.141862
23.92
3.141438
24.09
3.141789
24.30
3.141599
24.78
3.141711
24.29
3.141633
24.64
3.141742
25.04
3.141285
24.32
3.141673
27.16
3.141465
24.88
3.141481
24.96
3.141686
24.47
3.141476
23.80
3.141562
24.88
3.141351
23.99
3.141741
27.47
3.141714
23.94
3.141655
24.06
3.141700
23.61
3.141349
24.48
3.141635
23.84
3.141585
24.76
3.141675
24.77
3.141609
23.95
3.141697
24.21
3.141654
24.50
3.141633
24.92
3.141577
23.62
3.141574
24.96
3.141802
24.53
3.141492
23.25
3.141680
25.05
3.141547
23.75
3.141394
23.55
3.141135
24.21
3.141246
23.73
3.141665
24.63
3.141596
24.76
3.141232
24.29
3.141490
23.41
3.141503
24.86
3.141684
23.95
3.141872
24.84
3.141599
24.83
3.141569
24.01
3.141578
24.74
3.141485
24.65
3.141559
24.42
3.141516
24.93
3.141507
24.17
3.141853
24.50
3.141489
23.82
3.141649
24.66
3.141716
23.91
3.141372
25.10
3.141505
24.03
3.141775
24.40
3.141523
24.05
3.141586
24.86
3.141551
27.66
3.141627
24.83
3.141465
24.11
3.141593
25.15
3.141606
25.20
3.141552
24.29
3.141502
24.76
3.141616
24.60
3.141522
25.33
3.141873
24.85
3.141487
24.63
3.141337
24.46
3.141741
24.97
3.141492
24.77
3.141813
24.01
3.141558
25.03
3.141586
25.22
3.141638
24.05
3.141671
24.14
3.141507
24.06
3.141551
25.16
3.141801
24.87
3.141703
24.04
3.141739
24.91
3.141527
24.15
3.141458
24.29
3.141231
25.52
3.141312
23.80
3.141478
24.86
3.141549
24.10
3.141680
24.02
3.141860
24.77
3.141569
25.33
3.141491
24.49
3.141798
24.75
3.141658
24.73
3.141169
24.66
3.141667
24.48
3.141733
24.98
3.141697
24.56
3.141630
23.96
3.141450
24.89
3.141776
24.83
3.141560
24.78
3.141641
24.18
3.141517
24.36
3.141338
21.89
3.141772
24.85
3.141854
24.95
3.141666
24.30
3.141664
24.64
3.141519
25.08
3.141773
23.77
3.141853
24.93
3.141614
26.81
3.141536
25.24
3.141429
24.42
3.141694
23.99
3.141647
25.04
3.141552
24.80
3.141570
21.89
3.141716
26.95
3.141621
24.66
3.141757
23.91
3.141633
24.59
3.141734
25.35
3.141730
24.89
3.141594
24.39
3.141680
24.82
3.141562
24.03
3.141585
24.22
3.141550
25.05
3.141598
24.87
3.141577
24.16
3.141513
21.81
3.141464
25.04
3.141729
24.87
3.141709
24.02
3.141580
22.11
3.141430
25.03
3.141756
24.12
3.141752
24.06
3.141578
24.67
3.141668
24.59
3.141653
24.82
3.141307
24.34
3.141668
24.95
3.141637
24.21
3.141600
23.94
3.141673
22.40
3.141425
24.64
3.141294
24.53
3.141495
24.04
3.141619
24.81
3.141596
24.46
3.141666
25.07
3.141645
24.78
3.141715
24.58
3.141573
25.07
3.141588
24.84
3.141780
24.33
3.141604
23.17
3.141264
24.84
3.141476
27.44
3.141565
24.90
3.141501
22.15
3.141552
24.09
3.141602
23.92
3.141765
24.33
3.141757
23.17
3.141706
25.10
3.141379
24.41
3.141473
24.04
3.141499
24.36
3.141788
24.77
3.141803
27.79
3.141217
24.43
3.141615
24.29
3.141634
23.12
3.141761
25.15
3.141627
24.64
3.141517
24.89
3.141728
23.99
3.141633
24.97
3.141451
24.63
3.141631
24.94
3.141644
25.11
3.141550
25.06
3.141465
24.39
3.141649
24.60
3.141789
25.04
3.141663
24.96
3.141764
24.89
3.141309
24.74
3.141802
24.79
3.141624
24.73
3.141474
23.73
3.141489
25.04
3.141688
23.94
3.141631
24.80
3.141585
24.41
3.141716
25.13
3.141488
24.89
3.141497
24.98
3.141542
24.44
3.141492
24.78
3.141353
24.32
3.141735
24.95
3.141473
27.15
3.141602
25.43
3.141635
24.82
3.141579
24.26
3.141297
24.95
3.141621
24.94
3.141639
24.50
3.141632
24.45
3.141856
24.58
3.141728
24.47
3.141402
24.65
3.141801
24.42
3.141653
24.84
3.141791
23.42
3.141731
24.39
3.141643
23.95
3.141594
24.75
3.141670
25.04
3.141754
24.22
3.141687
24.33
3.141750
24.71
3.141399
23.93
3.141664
24.45
3.141792
24.43
3.141630
25.15
3.141446
24.72
3.141704
24.08
3.141817
24.62
3.141630
23.42
3.141774
24.81
3.141506
24.59
3.141732
24.34
3.141690
24.14
3.141779
24.42
3.141652
24.26
3.141703
24.70
3.141605
24.68
3.141604
24.62
3.141532
25.46
3.141529
24.61
3.141713
23.65
3.141586
24.27
3.141452
24.95
3.141521
24.91
3.141665
25.05
3.141735
26.88
3.141441
24.96
3.141355
24.58
3.141630
23.86
3.141816
24.18
3.141756
25.02
3.141639
24.92
3.141621
25.11
3.141575
24.84
3.141568
24.87
3.141540
28.15
3.141670
24.31
3.141518
24.13
3.141588
23.78
3.141456
24.51
3.141206
24.03
3.141464
24.25
3.141383
24.68
3.141466
24.45
3.141559
24.90
3.141666
24.24
3.141538
24.13
3.141615
23.98
3.141442
23.86
3.141669
24.30
3.141607
24.12
3.141676
24.78
3.141579
24.22
3.141804
24.71
3.141812
24.88
3.141437
23.85
3.141548
24.91
3.141601
24.68
3.141400
24.69
3.141603
24.46
3.141629
24.60
3.141512
23.92
3.141585
24.30
3.141661
24.73
3.141738
24.54
3.141522
23.67
3.141608
27.70
3.141586
25.17
3.141633
24.86
3.141698
25.00
3.141498
25.27
3.141669
24.54
3.141768
25.04
3.141648
27.48
3.141473
24.70
3.141523
24.80
3.141474
23.90
3.141539
24.99
3.141488
25.43
3.141490
24.42
3.141691
24.90
3.141776
23.31
3.141795
24.43
3.141234
24.79
3.141460
24.79
3.141402
24.71
3.141690
24.85
3.141639
24.36
3.141599
24.37
3.141451
23.90
3.141641
24.37
3.141699
25.03
3.141389
24.41
3.141169
24.10
3.141680
25.13
3.141541
21.76
3.141417
25.08
3.141130
24.45
3.141825
25.03
3.141644
24.14
3.141326
24.16
3.141718
23.89
3.141482
24.89
3.141498
24.54
3.141797
25.07
3.141609
24.89
3.141558
24.77
3.141491
23.90
3.141162
24.90
3.141677
29.00
3.141598
24.90
3.141887
24.56
3.141523
25.13
3.141532
23.66
3.141661
23.86
3.141169
23.81
3.141771
23.98
3.141668
24.64
3.141618
24.88
3.141485
24.52
3.141779
24.90
3.141592
24.95
3.141421
23.86
3.141497
24.14
3.141619
24.53
3.141555
24.60
3.141562
24.55
3.141350
24.84
3.141745
24.83
3.141574
24.78
3.141242
24.61
3.141531
24.52
3.141496
24.89
3.141592
24.84
3.141647
25.22
3.141695
23.71
3.141561
24.73
3.141752
24.81
3.141549
24.82
3.141632
24.91
3.141559
23.96
3.141830
25.23
3.141488
24.98
3.141553
24.34
3.141515
24.48
3.141683
24.30
3.141206
24.51
3.141745
24.54
3.141601
24.88
3.141392
24.54
3.141535
24.36
3.141515
24.66
3.141716
24.35
3.141667
24.80
3.141750
24.64
3.141511
24.87
3.141410
21.65
3.141673
24.73
3.141737
24.85
3.141673
24.87
3.141719
24.91
3.141554
24.79
3.141659
24.55
3.141553
24.38
3.141556
25.05
3.141617
25.43
3.141765
24.38
3.141800
25.01
3.141469
26.15
3.141585
25.08
3.141764
23.93
3.141731
24.74
3.141773
24.94
3.141665
24.65
3.141692
24.56
3.141579
24.28
3.141519
24.69
3.141500
24.64
3.141809
25.08
3.141652
24.41
3.141480
24.87
3.141521
24.58
3.141695
24.70
3.141614
23.99
3.141745
28.13
3.141830
24.93
3.141663
24.84
3.141760
24.81
3.141555
24.04
3.141455
24.56
3.141737
27.61
3.141713
25.10
3.141481
24.79
3.141662
24.95
3.141650
24.32
3.141582
24.58
3.141710
24.40
3.141572
23.88
3.141522
27.85
3.141659
24.06
3.141461
24.11
3.141587
23.93
3.141591
24.95
3.141214
24.96
3.141576
23.84
3.141514
24.42
3.141533
25.14
3.141628
24.83
3.141731
23.63
3.141526
24.08
3.141827
24.05
3.141479
24.43
3.141270
23.69
3.141717
24.29
3.141680
24.27
3.141732
24.48
3.141826
24.04
3.141617
25.07
3.141640
25.36
3.141551
24.87
3.141513
24.66
3.141786
24.40
3.141624
28.82
3.141868
24.34
3.141610
24.99
3.141642
24.47
3.141657
24.53
3.141388
24.14
3.141120
25.43
3.141676
25.11
3.141782
24.51
3.141594
25.10
3.141686
24.19
3.141590
24.48
3.141627
24.18
3.141586
25.16
3.141708
24.49
3.141598
24.51
3.141466
24.11
3.141720
24.74
3.141712
24.36
3.141785
24.45
3.141436
24.88
3.141556
24.59
3.141657
23.86
3.141711
27.93
3.141547
23.95
3.141686
24.13
3.141558
24.46
3.141490
24.06
3.141668
25.17
3.141776
24.49
3.141813
24.09
3.141760
24.67
3.141119
24.10
3.141275
23.41
3.141699
24.63
3.141605
24.14
3.141521
25.79
3.141345
24.60
3.141286
23.82
3.141492
25.03
3.141556
24.12
3.141618
24.53
3.141764
24.57
3.141727
24.52
3.141635
24.59
3.141582
25.15
3.141485
24.90
3.141615
25.06
3.141692
24.67
3.141705
24.79
3.141227
24.13
3.141622
24.20
3.141501
24.71
3.141315
23.83
3.141662
24.49
3.141445
25.33
3.141731
23.83
3.141462
24.30
3.141514
23.99
3.141488
25.01
3.141473
24.23
3.141209
24.85
3.141575
24.38
3.141285
24.69
3.141116
24.39
3.141467
24.82
3.141830
24.78
3.141585
25.06
3.141800
24.70
3.141549
24.18
3.141707
27.18
3.141441
25.28
3.141542
24.27
3.141687
25.55
3.141713
24.40
3.141817
23.90
3.141443
23.55
3.141225
24.93
3.141627
25.08
3.141389
24.05
3.141448
24.05
3.141640
24.84
3.141761
25.14
3.141643
24.45
3.141648
24.62
3.141646
27.96
3.141594
24.75
3.141766
23.68
3.141469
24.70
3.141318
24.10
3.141754
24.21
3.141707
23.92
3.141486
24.16
3.141655
24.65
3.141141
24.50
3.141656
25.22
3.141844
24.99
3.141675
24.11
3.141593
23.82
3.141563
24.91
3.141641
24.01
3.141601
25.18
3.141591
24.89
3.141148
25.30
3.141579
24.68
3.141623
24.97
3.141613
24.25
3.141830
24.23
3.141430
24.64
3.141614
24.11
3.141627
24.68
3.141528
27.38
3.141502
24.57
3.141764
23.93
3.141797
23.82
3.141651
24.78
3.141519
25.42
3.141651
25.39
3.141603
25.33
3.141544
24.24
3.141567
24.51
3.141667
24.76
3.141505
24.72
3.141448
24.93
3.141171
24.97
3.141597
24.37
3.141445
23.90
3.141883
24.33
3.141741
24.53
3.141527
24.81
3.141428
25.03
3.141623
24.61
3.141607
24.89
3.141621
23.96
3.141290
25.03
3.141496
25.00
3.141604
24.54
3.141653
23.81
3.141601
24.90
3.141557
25.03
3.141638
24.92
3.141808
24.89
3.141285
24.79
3.141580
23.82
3.141594
24.99
3.141763
24.03
3.141653
24.65
3.141496
24.79
3.141688
23.74
3.141517
24.80
3.141604
24.82
3.141635
24.86
3.141565
25.20
3.141545
24.36
3.141538
24.06
3.141552
24.33
3.141837
24.38
3.141813
24.48
3.141831
24.58
3.141466
24.91
3.141852
25.01
3.141611
24.54
3.141510
24.38
3.141172
24.40
3.141751
24.25
3.141702
24.66
3.141602
24.75
3.141764
24.75
3.141373
24.07
3.141492
24.91
3.141767
24.43
3.141580
24.66
3.141724
25.13
3.141623
25.01
3.141636
23.39
3.141562
24.30
3.141619
25.10
3.141131
24.80
3.141298
24.06
3.141592
24.35
3.141653
23.96
3.141567
24.50
3.141486
24.27
3.141624
24.13
3.141734
27.70
3.141767
24.34
3.141538
23.95
3.141507
24.40
3.141706
24.87
3.141742
24.00
3.141650
24.24
3.141821
24.51
3.141638
22.07
3.141720
23.86
3.141681
24.17
3.141616
25.03
3.141473
24.12
3.141657
25.30
3.141747
24.35
3.141476
24.20
3.141625
27.87
3.141458
25.22
3.141556
23.79
3.141663
24.85
3.141590
24.57
3.141682
27.21
3.141574
24.76
3.141542
24.85
3.141451
24.29
3.141604
24.61
3.141533
24.34
3.141587
24.39
3.141462
25.05
3.141634
24.75
3.141383
24.51
3.141680
23.88
3.141382
24.27
3.141727
24.67
3.141761
24.29
3.141746
24.21
3.141450
23.86
3.141526
24.22
3.141727
24.94
3.141741
24.14
3.141572
24.77
3.141822
24.50
3.141653
24.55
3.141716
23.69
3.141536
24.30
3.141802
24.69
3.141594
24.61
3.141520
24.62
3.141619
24.95
3.141661
24.75
3.141643
24.71
3.141484
24.80
3.141193
24.45
3.141728
23.88
3.141813
24.28
3.141600
24.56
3.141535
27.53
3.141715
24.81
3.141646
24.51
3.141472
23.73
3.141439
24.36
3.141516
24.63
3.141402
24.68
3.141454
24.69
3.141340
25.21
3.141595
24.16
3.141526
24.77
3.141526
23.75
3.141615
24.80
3.141522
25.21
3.141772
24.20
3.141601
22.28
3.141700
24.73
3.141691
23.89
3.141652
24.79
3.141494
24.96
3.141642
23.98
3.141673
25.29
3.141331
24.99
3.141350
24.02
3.141728
24.61
3.141571
24.47
3.141244
23.91
3.141568
24.82
3.141758
24.03
3.141761
22.56
3.141576
24.74
3.141427
24.53
3.141589
21.98
3.141735
23.51
3.141567
24.48
3.141688
24.66
3.141183
24.27
3.141545
25.06
3.141465
24.79
3.141718
23.90
3.141562
24.22
3.141663
24.42
3.141693
24.04
3.141511
24.59
3.141325
23.40
3.141629
24.72
3.141365
23.07
3.141825
24.87
3.141813
23.92
3.141634
24.57
3.141486
24.98
3.141640
24.81
3.141750
25.37
3.141486
24.30
3.141548
24.00
3.141571
24.85
3.141133
24.26
3.141639
21.74
3.141650
24.00
3.141604
25.35
3.141621
24.19
3.141411
22.48
3.141609
24.57
3.141615
25.17
3.141596
24.31
3.141564
24.95
3.141746
24.75
3.141126
24.28
3.141752
24.68
