1000 2
3.141711
25.36
3.141665
23.57
3.141362
25.58
3.141646
25.99
3.141586
25.36
3.141572
25.67
3.141457
25.02
3.141718
25.92
3.141717
26.13
3.141346
24.78
3.141551
26.80
3.141654
26.01
3.141897
24.65
3.141681
25.56
3.141299
26.13
3.141409
22.28
3.141574
24.59
3.141572
26.26
3.141360
25.53
3.141676
25.24
3.141704
24.15
3.141608
26.14
3.141547
24.51
3.141737
25.11
3.141301
26.21
3.141413
25.15
3.141850
25.29
3.141717
24.96
3.141819
24.57
3.141655
26.62
3.141730
26.12
3.141614
24.01
3.141359
25.32
3.141520
24.23
3.141420
24.85
3.141645
25.25
3.141533
24.38
3.141530
26.24
3.141538
25.31
3.141648
24.18
3.141645
25.15
3.141572
26.51
3.141815
25.94
3.141391
25.20
3.141459
25.40
3.141728
26.14
3.141364
24.81
3.141802
25.58
3.141633
25.87
3.141724
25.57
3.141547
25.29
3.141707
25.37
3.141627
24.38
3.141699
25.84
3.141619
26.15
3.141811
24.98
3.141537
25.42
3.141643
25.70
3.141760
25.26
3.141588
26.43
3.141602
25.02
3.141437
25.87
3.141345
25.62
3.141600
26.30
3.141716
25.79
3.141644
24.13
3.141704
24.29
3.141910
28.88
3.141611
26.16
3.141863
25.51
3.141834
24.55
3.141404
25.87
3.141856
24.55
3.141716
25.69
3.141630
24.91
3.141399
26.10
3.141619
24.37
3.141602
24.25
3.141854
26.07
3.141938
25.05
3.141383
25.52
3.141454
24.45
3.141603
25.90
3.141351
24.55
3.141496
25.03
3.141515
25.66
3.141641
29.44
3.141624
24.60
3.141615
26.22
3.141581
25.59
3.140978
24.82
3.141858
25.23
3.141354
25.14
3.141448
24.52
3.141790
25.66
3.141675
25.93
3.141524
24.49
3.141838
26.34
3.141534
26.22
3.141860
24.47
3.141458
25.26
3.141698
24.71
3.141635
25.55
3.141538
25.79
3.141688
25.07
3.141937
24.92
3.141510
26.75
3.141285
25.51
3.141782
25.50
3.141610
26.00
3.141160
23.68
3.141611
25.41
3.141545
23.06
3.141389
24.41
3.141430
26.56
3.141801
26.14
3.141631
24.90
3.141446
25.42
3.141533
26.73
3.141830
29.87
3.141322
23.41
3.141625
26.17
3.141654
24.65
3.141493
24.54
3.141720
24.98
3.141509
24.91
3.141530
25.79
3.141642
25.68
3.141514
25.52
3.141557
25.46
3.141633
25.30
3.141544
24.36
3.141616
25.17
3.141618
25.00
3.141683
25.23
3.141492
25.86
3.141332
25.74
3.141498
25.20
3.141513
25.66
3.141597
26.19
3.141551
26.23
3.141710
24.95
3.141336
25.29
3.141695
24.82
3.141604
26.28
3.141607
25.77
3.141908
27.67
3.141821
24.81
3.141465
26.14
3.141649
25.97
3.141564
25.41
3.141317
25.84
3.141667
25.54
3.141658
24.67
3.141891
28.11
3.141338
25.37
3.141576
24.76
3.141495
26.79
3.141505
25.83
3.141631
25.31
3.141532
24.86
3.141959
26.50
3.141661
25.22
3.141877
25.33
3.141415
24.32
3.141661
25.03
3.141464
26.30
3.141316
26.19
3.141703
25.12
3.141694
25.90
3.141785
24.90
3.141616
25.73
3.141323
23.84
3.141530
25.09
3.141774
25.70
3.141432
28.11
3.141300
25.97
3.141580
23.73
3.141500
25.30
3.141717
25.82
3.141448
26.91
3.141422
24.51
3.141605
26.67
3.141559
25.13
3.141092
25.94
3.141891
24.90
3.141535
25.84
3.141629
25.82
3.141599
24.61
3.141638
25.27
3.141880
25.79
3.141429
25.60
3.141614
25.34
3.141445
25.05
3.141562
25.34
3.141432
25.49
3.141728
24.70
3.141606
25.64
3.141601
25.57
3.141639
25.54
3.141641
26.26
3.141618
24.70
3.141620
25.55
3.141596
25.83
3.141506
24.31
3.141574
26.32
3.141447
24.46
3.141561
26.95
3.141753
25.21
3.141045
25.34
3.141556
25.01
3.141677
25.75
3.141642
25.56
3.141663
25.44
3.141688
25.16
3.141658
25.52
3.141600
24.83
3.141807
25.24
3.141779
25.27
3.141794
24.47
3.141757
24.54
3.141971
23.87
3.141791
25.36
3.141641
26.07
3.141412
25.42
3.141699
26.07
3.141681
24.98
3.141514
25.23
3.141368
25.68
3.141714
25.40
3.141427
25.30
3.141661
24.57
3.141774
24.06
3.141840
24.11
3.141418
24.95
3.141944
23.91
3.141523
24.57
3.141540
25.80
3.141884
26.07
3.141619
25.64
3.141394
24.83
3.141666
24.68
3.141418
25.61
3.141297
25.51
3.141393
25.46
3.141687
25.44
3.141537
24.98
3.141868
28.24
3.141668
25.39
3.141850
26.09
3.141606
26.15
3.141530
26.26
3.141596
25.58
3.141497
25.29
3.141447
29.20
3.141544
26.16
3.141424
25.16
3.141032
25.07
3.141456
26.01
3.141484
24.72
3.141821
25.54
3.141518
25.24
3.141721
25.25
3.141489
24.58
3.141641
25.35
3.141662
25.29
3.141506
25.58
3.141041
24.38
3.141559
25.35
3.141767
24.98
3.141703
25.37
3.141412
25.10
3.141659
24.76
3.141643
25.10
3.141882
24.92
3.141722
26.01
3.141463
26.05
3.141687
23.38
3.141425
24.66
3.141194
26.17
3.141509
25.67
3.141555
24.65
3.141529
26.28
3.141832
26.27
3.141590
25.31
3.141814
26.13
3.141537
25.19
3.141673
25.25
3.141799
26.20
3.141854
25.99
3.141600
26.21
3.141542
25.56
3.141567
25.31
3.141405
25.43
3.141586
28.49
3.141772
25.21
3.141888
25.86
3.141479
24.79
3.141568
25.53
3.141571
24.40
3.141594
24.97
3.141515
25.47
3.141639
25.00
3.141142
24.08
3.141691
26.25
3.141596
24.15
3.141684
26.20
3.141705
25.91
3.141505
24.58
3.141495
25.02
3.141647
25.71
3.141575
24.73
3.141405
25.67
3.141299
25.97
3.141620
26.16
3.141792
26.52
3.141400
25.19
3.141589
25.76
3.141520
24.24
3.141018
26.65
3.142007
24.71
3.141571
26.53
3.141783
26.08
3.141911
24.72
3.141441
25.71
3.141579
24.72
3.141577
25.54
3.141680
24.81
3.141583
25.46
3.141640
28.65
3.141471
25.57
3.141364
25.56
3.141764
25.83
3.141363
25.48
3.141670
25.71
3.141627
27.81
3.141557
26.68
3.141316
25.40
3.141464
25.57
3.141656
26.36
3.141642
24.94
3.141608
24.65
3.141705
24.76
3.141526
26.05
3.141450
24.94
3.141630
25.33
3.141634
26.04
3.141747
25.68
3.141587
25.57
3.141424
24.02
3.141692
24.93
3.141453
25.06
3.141878
26.47
3.141327
25.41
3.141711
25.11
3.141659
24.82
3.141687
24.72
3.141481
25.29
3.141437
25.33
3.141384
25.53
3.141740
24.56
3.141644
25.74
3.141511
26.18
3.141385
25.43
3.141781
25.41
3.141883
25.59
3.141435
25.58
3.141514
25.90
3.141654
25.56
3.141757
26.25
3.141479
25.68
3.141770
24.75
3.141614
24.75
3.141388
26.31
3.141803
24.09
3.141658
30.34
3.141567
25.75
3.141678
27.80
3.141899
25.42
3.141676
25.53
3.141388
25.14
3.141270
25.14
3.141167
25.76
3.141412
26.35
3.141610
25.98
3.141636
26.26
3.141583
25.12
3.141296
25.70
3.141520
25.56
3.141575
25.87
3.141602
26.25
3.141718
25.81
3.141394
26.54
3.141461
24.43
3.141380
25.62
3.141700
25.17
3.141570
25.19
3.141708
24.80
3.141813
25.38
3.141629
25.69
3.141481
25.96
3.141649
25.71
3.141548
25.52
3.141328
26.14
3.141320
25.72
3.141403
25.82
3.141816
25.51
3.141810
26.13
3.141890
26.07
3.141616
25.69
3.141611
25.33
3.141633
25.53
3.141617
25.06
3.141691
25.42
3.141506
24.58
3.141625
25.99
3.141573
24.38
3.141932
25.94
3.141807
25.84
3.141594
26.05
3.141801
25.32
3.141366
25.65
3.141585
24.18
3.141419
24.32
3.141661
25.02
3.141724
26.33
3.141826
25.63
3.141705
25.90
3.141472
26.49
3.141531
24.94
3.141691
26.08
3.141458
25.42
3.141633
24.75
3.141664
25.14
3.141924
25.54
3.141438
25.88
3.141645
25.08
3.141639
25.46
3.141513
25.37
3.141386
24.70
3.141362
25.14
3.141365
24.46
3.141736
25.87
3.141500
24.44
3.141503
25.19
3.141722
25.85
3.141756
24.57
3.141674
24.54
3.141748
26.10
3.141641
24.81
3.141532
25.52
3.141891
25.21
3.141818
25.22
3.141137
24.38
3.141808
25.40
3.141581
26.17
3.141369
27.22
3.141609
25.08
3.141441
23.87
3.141540
24.96
3.141828
25.40
3.141306
24.59
3.141625
24.65
3.141712
25.42
3.141501
24.74
3.141666
26.06
3.141601
25.85
3.141552
26.59
3.141668
25.16
3.141893
25.84
3.141605
26.01
3.141879
25.51
3.141791
25.36
3.141535
24.65
3.141765
26.10
3.141728
24.44
3.141554
25.33
3.141306
24.64
3.141677
25.03
3.141412
25.54
3.141705
24.87
3.141385
25.31
3.141578
24.16
3.141345
25.71
3.141617
26.56
3.141635
25.37
3.141885
25.31
3.141826
25.23
3.141661
25.89
3.141515
25.66
3.141706
24.99
3.141744
25.50
3.141786
25.18
3.141294
25.25
3.141553
25.83
3.141644
25.33
3.141397
25.23
3.141608
26.81
3.141709
24.95
3.141780
24.06
3.141776
25.46
3.141300
25.51
3.141679
25.53
3.141674
24.80
3.141393
25.43
3.141763
22.36
3.141436
25.35
3.141016
25.03
3.141687
30.03
3.141879
25.36
3.141523
24.37
3.141780
26.44
3.141242
25.53
3.141867
25.11
3.141509
24.18
3.141752
25.72
3.141511
25.08
3.141459
25.12
3.141532
24.87
3.141641
24.97
3.141460
25.81
3.141738
25.08
3.141539
25.06
3.141189
25.34
3.141827
26.61
3.141681
25.74
3.141048
25.02
3.141573
24.86
3.141867
25.68
3.141469
24.77
3.141927
26.88
3.141742
26.19
3.141384
26.34
3.141494
24.62
3.141635
24.99
3.141686
26.05
3.141646
28.53
3.141649
25.26
3.141871
25.04
3.141402
26.41
3.141452
25.53
3.141941
26.20
3.141581
25.36
3.141689
23.82
3.141675
25.94
3.141644
25.74
3.141554
25.57
3.141548
25.69
3.141660
24.34
3.141726
24.98
3.141638
24.72
3.141600
24.71
3.141614
25.35
3.141509
24.43
3.141332
25.10
3.141369
24.71
3.141359
24.25
3.141620
24.52
3.141483
24.89
3.141550
26.07
3.141675
25.94
3.141238
25.43
3.141360
25.51
3.141362
25.72
3.141665
24.44
3.141802
24.85
3.141500
25.26
3.141335
25.88
3.141480
24.42
3.141687
25.41
3.140965
25.40
3.141498
30.35
3.141862
25.48
3.141702
24.79
3.141905
25.28
3.141435
23.49
3.141550
24.94
3.141699
26.19
3.141620
25.78
3.141810
25.48
3.141710
24.90
3.141531
25.57
3.141659
25.56
3.141300
25.29
3.141588
25.13
3.141050
24.83
3.141837
25.73
3.140990
25.34
3.141311
25.17
3.141411
26.21
3.141672
25.48
3.141636
26.43
3.141595
26.38
3.141537
25.05
3.141597
25.23
3.141633
26.14
3.141871
25.13
3.141281
25.83
3.141375
26.85
3.141578
24.99
3.141574
24.68
3.141500
24.52
3.141855
25.79
3.141454
24.85
3.141541
25.66
3.141434
25.96
3.141626
25.28
3.141754
25.02
3.141626
26.22
3.141564
25.74
3.141590
25.54
3.141708
25.14
3.141312
25.66
3.141567
25.28
3.141446
24.36
3.141873
25.55
3.141635
25.65
3.141406
24.40
3.141705
25.31
3.141423
24.85
3.141621
25.83
3.141634
25.61
3.141079
24.87
3.141634
24.68
3.141401
25.80
3.141625
26.31
3.141373
26.48
3.141472
25.96
3.141616
25.55
3.141781
26.43
3.141588
25.78
3.141632
24.18
3.141591
24.44
3.141667
25.52
3.141658
26.05
3.141759
25.25
3.141397
25.76
3.141945
25.25
3.141766
26.25
3.141665
26.03
3.141610
26.50
3.141551
23.21
3.141097
26.42
3.141603
25.72
3.141387
25.63
3.141746
24.46
3.141492
24.40
3.141513
24.54
3.141627
25.70
3.141472
26.20
3.141608
28.51
3.141505
24.95
3.141788
27.04
3.141629
26.01
3.141111
26.19
3.141692
25.77
3.141670
27.60
3.141418
25.07
3.141487
25.81
3.141765
24.41
3.141591
21.84
3.141616
25.89
3.141447
24.55
3.141335
25.40
3.141566
25.29
3.141893
22.50
3.141706
24.25
3.141585
24.87
3.141443
25.94
3.141582
25.61
3.141392
26.05
3.141398
26.65
3.141891
25.42
3.141848
25.55
3.141806
23.32
3.141623
25.77
3.141708
23.95
3.141579
24.86
3.141414
26.13
3.141329
25.23
3.141442
26.63
3.141871
24.94
3.141309
25.69
3.141392
25.57
3.141554
25.67
3.141564
25.40
3.141904
25.32
3.141492
24.46
3.141439
25.81
3.141638
25.45
3.141630
25.49
3.141355
24.55
3.142013
25.53
3.141657
25.49
3.141329
24.96
3.141613
25.70
3.141852
24.97
3.141369
25.18
3.141527
25.38
3.141380
28.70
3.141802
28.52
3.141382
25.85
3.141643
25.89
3.141350
23.95
3.141778
24.45
3.141700
24.56
3.141597
25.02
3.141330
24.29
3.141336
25.09
3.141858
26.01
3.141693
24.45
3.141415
24.45
3.141579
26.17
3.141614
25.64
3.141480
24.62
3.141607
26.25
3.141510
24.87
3.141495
24.78
3.141777
25.72
3.141826
25.01
3.141657
25.26
3.141555
25.78
3.141859
23.00
3.141393
25.89
3.141663
25.02
3.141918
25.63
3.141327
25.67
3.141661
25.29
3.141838
24.42
3.141795
25.80
3.141626
25.59
3.141706
25.96
3.141612
25.85
3.141597
25.06
3.141350
24.68
3.141513
25.78
3.141598
25.74
3.141901
26.85
3.141814
25.07
3.141360
26.24
3.141318
25.76
3.141694
24.96
3.141317
24.92
3.141580
25.82
3.141300
27.45
3.141398
25.79
3.141615
25.78
3.141419
25.70
3.141591
27.80
3.141583
26.91
3.141476
25.60
3.141390
25.97
3.141412
25.40
3.141750
24.35
3.141892
24.80
3.141540
25.76
3.140943
25.31
3.141156
25.62
3.141766
25.85
3.141469
24.47
3.141639
25.15
3.141762
25.94
3.141926
24.62
3.141844
26.04
3.141400
25.12
3.141495
26.17
3.141410
25.67
3.141860
25.11
3.141918
25.34
3.141356
25.72
3.141664
24.28
3.141359
25.12
3.141516
25.08
3.141516
26.02
3.141482
25.11
3.141574
25.73
3.141555
24.90
3.141498
25.78
3.141835
25.69
3.141102
25.73
3.141582
25.06
3.141792
25.42
3.141521
25.51
3.141859
24.73
3.141803
25.16
3.141407
24.53
3.141574
24.28
3.141497
24.86
3.141519
26.25
3.141583
25.21
3.141827
25.55
3.141726
25.39
3.141413
25.13
3.141510
25.04
3.141621
25.93
3.141387
25.32
3.141405
26.43
3.141644
25.61
3.141662
25.62
3.141705
27.70
3.141596
25.10
3.141699
25.59
3.141461
24.65
3.141657
25.34
3.141677
25.79
3.141601
25.96
3.141747
24.13
3.141876
25.94
3.141687
23.81
3.141489
25.44
3.141590
24.66
3.141627
25.94
3.141842
25.32
3.141643
25.45
3.141588
26.12
3.141447
26.23
3.141392
26.81
3.141515
25.20
3.141459
25.76
3.141634
25.07
3.141742
25.96
3.141681
22.66
3.141783
24.62
3.141299
25.82
3.141751
25.64
3.140924
25.89
3.141620
24.58
3.141434
25.16
3.141829
25.11
3.141639
25.43
3.141584
25.53
3.141451
24.83
3.141793
28.72
3.141602
25.14
3.141344
24.79
3.141285
26.35
3.141532
24.61
3.141707
25.80
3.141624
25.15
3.141709
24.81
3.141540
25.87
3.141378
26.14
3.141864
26.02
3.141567
24.76
3.141373
25.56
3.141322
26.15
3.141585
25.07
3.141635
25.57
3.141717
25.58
3.141766
24.49
3.141972
26.28
3.141384
24.94
3.141506
24.43
3.141744
25.61
3.141400
24.99
3.141593
25.34
3.141305
26.27
3.141762
25.10
3.141508
25.53
3.141355
24.82
3.141668
25.21
3.141517
25.53
3.141150
24.58
3.141544
25.79
3.141944
25.91
3.141574
26.21
3.141759
25.23
3.141747
23.66
3.141342
24.59
3.141501
26.03
3.141414
25.66
3.141371
24.79
3.141682
25.16
3.141405
25.86
3.141529
24.31
3.141521
24.14
3.141691
24.54
3.141738
26.38
3.141560
24.37
3.141526
25.54
3.141603
25.50
3.141396
26.30
3.141589
25.28
3.141456
25.73
3.141337
25.66
3.141692
23.71
3.141887
24.64
3.141914
22.85
3.141539
25.69
3.141386
25.30
3.141694
25.70
3.141261
25.92
3.141801
24.75
3.141457
25.41
3.141611
25.03
3.141693
24.84
3.141488
25.61
3.141567
26.07
3.141404
26.02
3.141549
24.86
3.141680
25.74
3.141551
25.20
3.141380
24.60
3.141426
25.38
3.141698
24.69
3.141536
25.80
3.141490
25.82
3.141751
25.68
3.141712
24.66
3.141707
26.10
3.141261
25.78
3.141699
20.88
3.141839
24.47
3.141846
26.40
3.141727
26.48
3.141417
25.47
3.141484
25.71
3.141532
26.08
3.141597
25.45
3.141417
25.98
3.141668
25.00
3.141815
24.86
3.141593
25.18
3.141345
24.83
3.141555
23.40
3.141658
24.30
3.141947
25.48
3.141717
25.73
3.141818
23.18
3.141778
23.03
3.141575
25.26
3.141631
25.86
3.141846
25.59
3.141641
25.57
3.141732
27.73
3.141698
26.47
3.141693
25.30
3.141688
27.75
3.141466
24.82
3.141875
25.50
3.141726
26.14
3.141401
25.05
3.141718
25.95
3.141667
25.31
3.141740
25.02
3.141386
25.37
3.141593
25.00
3.141823
25.40
3.141817
22.38
3.141697
24.85
3.141624
24.65
3.141668
24.47
3.141489
25.85
3.141700
25.02
3.141782
24.00
3.141335
24.52
3.141602
25.21
3.141519
26.21
3.141554
24.89
3.141609
25.30
3.141445
24.92
3.141916
25.00
3.141683
25.55
3.141408
25.60
3.141355
25.51
3.141504
25.34
3.141241
25.37
3.141693
24.66
3.141557
26.47
3.141884
25.34
3.141905
26.51
3.141723
25.43
3.141899
25.82
3.141341
25.76
3.141763
25.89
3.141967
24.76
3.141704
25.83
3.141739
26.18
3.141599
25.88
3.141676
26.11
3.141351
24.93
3.141390
24.85
3.141878
24.94
3.141598
25.54
3.141564
24.71
3.141336
25.67
3.141598
26.40
3.141302
24.14
3.141485
24.92
3.141657
25.56
3.141613
25.58
3.141732
25.00
3.141679
25.08
3.141784
25.62
3.141378
25.26
3.141798
25.83
3.141515
24.82
3.141362
25.63
3.141724
24.51
3.141635
25.79
