1000 2
3.141528
12.28
3.141748
12.53
3.141821
13.16
3.141117
12.61
3.141740
12.69
3.141727
12.86
3.141371
12.86
3.141464
12.14
3.141920
12.88
3.141094
12.64
3.141386
12.66
3.141498
12.46
3.141770
12.47
3.141933
12.72
3.141867
12.89
3.141986
13.06
3.142136
12.65
3.141634
12.87
3.141849
12.41
3.142293
12.63
3.141566
12.92
3.141810
12.49
3.142204
13.00
3.140994
12.35
3.141959
12.53
3.141518
12.69
3.141807
12.35
3.141177
12.24
3.141515
12.61
3.141608
12.62
3.142153
12.45
3.141418
12.91
3.141571
12.75
3.141636
12.22
3.141228
12.81
3.140953
12.34
3.141678
12.63
3.141419
12.78
3.141780
12.92
3.141516
12.34
3.141998
12.42
3.141605
12.62
3.141535
12.32
3.141060
12.69
3.141491
12.50
3.141934
12.55
3.141768
12.73
3.141705
12.84
3.141612
12.59
3.141684
12.68
3.141448
12.48
3.141645
12.56
3.141547
12.82
3.141496
12.31
3.142012
11.81
3.141668
12.55
3.141658
12.24
3.141516
12.48
3.141806
12.84
3.141655
12.32
3.141304
12.28
3.141084
12.48
3.141898
12.31
3.141812
12.41
3.141247
12.33
3.141487
12.40
3.142290
12.28
3.141444
12.78
3.141149
14.33
3.141529
13.69
3.142128
12.50
3.141867
12.74
3.140931
12.85
3.141679
12.65
3.141627
12.04
3.141725
12.55
3.141687
12.29
3.141278
12.99
3.141102
12.65
3.141335
12.24
3.141742
12.70
3.141834
12.76
3.141615
12.73
3.141713
13.17
3.141361
12.63
3.141829
12.01
3.141803
12.25
3.141738
12.42
3.141582
11.88
3.141786
12.07
3.141592
12.46
3.140984
12.11
3.141810
12.69
3.141419
12.79
3.142176
12.23
3.141403
12.41
3.141005
12.23
3.141708
12.41
3.141586
12.39
3.141214
12.69
3.141832
12.78
3.140961
12.82
3.141447
12.81
3.141330
12.64
3.141876
12.19
3.141779
12.65
3.141655
12.71
3.141236
12.81
3.142010
12.42
3.141726
12.77
3.140914
12.85
3.141574
12.15
3.141399
14.83
3.141499
13.04
3.141162
12.55
3.141760
12.54
3.141416
12.59
3.140937
12.52
3.141612
12.31
3.142268
12.58
3.141708
12.68
3.141477
13.01
3.141441
12.99
3.141918
12.65
3.141431
12.42
3.141636
12.59
3.141800
12.39
3.141642
12.75
3.141696
12.82
3.140987
12.56
3.141848
12.05
3.141333
12.71
3.141778
12.69
3.141527
12.91
3.141516
12.41
3.141376
12.32
3.141646
13.11
3.141758
12.48
3.141711
12.56
3.141556
12.34
3.141216
12.47
3.140969
12.90
3.141800
12.34
3.141163
12.52
3.141092
12.62
3.141378
12.89
3.141368
12.59
3.142011
12.89
3.141584
12.36
3.141924
12.70
3.141844
12.75
3.141723
12.59
3.141753
12.65
3.141234
12.43
3.141508
12.45
3.141602
12.16
3.142030
12.02
3.141073
12.35
3.141723
12.43
3.141463
14.08
3.141479
12.45
3.141424
12.81
3.141088
12.32
3.141821
12.46
3.141945
12.25
3.141422
12.70
3.140928
12.81
3.141573
12.36
3.141793
12.69
3.141683
12.59
3.141778
12.35
3.141767
12.62
3.141180
12.19
3.141781
12.60
3.142213
12.67
3.141688
12.78
3.141501
14.11
3.141614
12.49
3.142251
12.25
3.141005
12.74
3.141661
12.50
3.141317
12.16
3.141746
12.57
3.141194
12.42
3.141561
12.33
3.141921
12.64
3.141812
12.37
3.141703
12.76
3.141205
14.25
3.141803
12.85
3.141565
12.46
3.141177
12.78
3.141682
12.50
3.141508
12.49
3.141088
12.37
3.141250
12.68
3.141312
12.54
3.141728
12.12
3.141500
12.36
3.141799
12.81
3.141601
12.18
3.141252
12.67
3.141842
12.71
3.142173
12.21
3.141581
12.67
3.141556
12.26
3.141807
12.77
3.141799
12.59
3.141199
12.37
3.141780
12.66
3.141733
12.38
3.140918
12.47
3.141741
12.48
3.141751
12.65
3.141559
12.32
3.141824
12.28
3.141094
12.61
3.141062
13.10
3.141133
12.69
3.141460
12.82
3.141542
12.72
3.141291
11.93
3.141779
12.26
3.141733
12.49
3.141973
12.70
3.141658
12.48
3.141902
12.38
3.141886
12.53
3.142194
12.55
3.141323
14.21
3.141096
12.87
3.141496
12.73
3.141706
12.53
3.141374
12.69
3.141681
12.92
3.141703
12.87
3.141540
12.73
3.141484
12.10
3.141861
12.56
3.141526
12.65
3.141726
12.49
3.141576
12.57
3.141220
13.30
3.142111
12.74
3.141561
12.90
3.141187
12.46
3.140851
12.80
3.141822
12.89
3.141088
12.65
3.141954
12.65
3.141464
12.49
3.141401
12.45
3.141481
12.22
3.141618
12.76
3.141993
12.22
3.141588
12.60
3.141329
12.87
3.141547
13.03
3.141551
12.08
3.141075
12.85
3.141921
13.03
3.141476
12.51
3.141127
12.83
3.142026
12.81
3.141542
12.75
3.141937
12.20
3.141856
12.81
3.141509
12.36
3.141540
12.84
3.141121
12.52
3.141379
12.39
3.141626
12.84
3.141625
12.40
3.141702
12.24
3.141514
12.49
3.142118
12.16
3.141500
12.40
3.141588
12.64
3.141378
12.52
3.141576
12.55
3.141533
12.25
3.141269
12.36
3.141913
12.73
3.141838
12.64
3.141603
12.75
3.141632
13.04
3.141403
12.47
3.142129
12.77
3.141560
12.77
3.142280
12.20
3.141981
12.60
3.141958
12.63
3.141650
12.08
3.141531
12.80
3.141269
12.70
3.141817
12.34
3.141752
12.35
3.142283
12.61
3.141375
12.77
3.141414
12.78
3.141918
12.75
3.141920
12.70
3.141104
13.07
3.141333
12.54
3.141748
12.63
3.142063
12.44
3.142106
12.71
3.140911
12.38
3.141720
12.38
3.141569
12.32
3.141657
12.72
3.141026
12.55
3.142175
12.39
3.141627
12.83
3.141592
12.43
3.141651
12.71
3.141612
12.39
3.142106
11.98
3.141818
12.62
3.141938
14.26
3.141568
12.74
3.141524
12.94
3.141657
13.33
3.141206
12.79
3.141630
12.76
3.141114
12.70
3.141682
12.65
3.141092
12.34
3.141949
12.63
3.142008
12.17
3.141447
12.30
3.142026
12.83
3.141933
12.63
3.141006
12.35
3.141723
12.65
3.141252
12.29
3.141949
12.48
3.141378
12.80
3.141765
12.82
3.141374
12.62
3.141296
12.68
3.141697
12.18
3.141905
12.81
3.141502
12.80
3.141571
12.61
3.141664
12.45
3.141733
11.97
3.141749
12.70
3.141542
14.40
3.140846
12.47
3.142046
12.74
3.142102
12.89
3.141340
12.45
3.141759
11.76
3.141676
12.45
3.141176
12.49
3.141792
12.86
3.141297
12.52
3.141515
12.23
3.141275
11.74
3.141627
13.30
3.141449
12.79
3.141788
12.51
3.141322
12.47
3.141454
12.61
3.141830
12.21
3.141709
12.91
3.141781
12.57
3.141066
12.27
3.141608
12.69
3.141780
12.32
3.141420
12.40
3.141071
12.11
3.141844
12.58
3.141724
12.22
3.140970
12.20
3.141223
12.72
3.141806
14.64
3.141846
12.56
3.141478
12.59
3.142067
12.48
3.141760
12.09
3.141568
12.72
3.141450
12.11
3.141558
12.10
3.141246
12.75
3.142081
12.64
3.141448
12.91
3.141792
12.76
3.141946
12.47
3.141317
12.84
3.141840
12.91
3.141160
12.32
3.141125
11.96
3.142041
12.48
3.141737
12.44
3.141687
12.69
3.141400
12.69
3.141419
12.49
3.141872
12.58
3.141778
12.33
3.141241
12.82
3.142101
12.01
3.141421
12.86
3.141622
12.27
3.141331
12.00
3.141981
12.69
3.141296
12.60
3.141535
12.64
3.141477
12.39
3.141564
12.53
3.141387
12.76
3.141397
12.75
3.141651
12.49
3.141329
12.62
3.141286
12.59
3.141110
12.92
3.141927
12.35
3.141611
12.61
3.141354
12.91
3.141497
12.80
3.141292
12.80
3.142002
12.73
3.141136
12.28
3.141525
12.26
3.141723
12.95
3.142258
12.63
3.141676
12.74
3.141615
12.24
3.141745
12.02
3.141356
12.60
3.141659
12.76
3.141444
12.36
3.141103
12.39
3.141948
12.40
3.141858
13.00
3.141667
12.52
3.141363
12.09
3.141974
12.66
3.141695
12.17
3.141811
12.31
3.141587
12.79
3.140899
12.33
3.142285
12.29
3.141908
12.59
3.141435
12.67
3.142043
12.92
3.141817
12.17
3.141680
12.57
3.141712
12.72
3.141622
12.48
3.141399
12.69
3.141651
12.62
3.141210
12.53
3.141695
12.65
3.141632
12.76
3.140962
12.24
3.141376
12.13
3.141630
12.84
3.141868
12.66
3.141233
12.29
3.141274
12.92
3.141180
12.92
3.141122
12.90
3.141465
12.78
3.141824
12.32
3.141037
12.30
3.141598
12.52
3.141529
12.64
3.141177
12.90
3.140884
12.48
3.141006
12.89
3.141948
12.46
3.141541
12.73
3.141634
12.60
3.141170
12.30
3.141760
12.96
3.141812
12.51
3.141368
12.74
3.141541
12.44
3.141751
12.90
3.141603
12.55
3.140920
12.31
3.141517
12.08
3.141911
12.54
3.141869
12.12
3.141698
13.20
3.141605
12.67
3.141885
12.26
3.141644
12.62
3.141371
12.66
3.141631
14.51
3.141372
12.17
3.141227
11.92
3.141782
13.06
3.141003
12.59
3.141580
12.67
3.140924
12.78
3.141828
11.74
3.140935
12.69
3.141217
12.23
3.141325
12.28
3.141629
12.06
3.141753
12.44
3.141945
12.92
3.141659
11.66
3.141519
12.19
3.142146
12.43
3.141610
12.60
3.141212
13.16
3.141347
12.25
3.141754
12.72
3.141941
12.06
3.141644
12.35
3.141578
12.13
3.142126
12.40
3.142014
12.89
3.141059
12.87
3.141309
12.44
3.141054
12.64
3.141762
12.59
3.141314
12.97
3.141754
12.51
3.141136
12.52
3.141598
12.74
3.141124
12.84
3.141918
12.53
3.140962
14.59
3.141959
12.57
3.141579
12.98
3.141620
12.27
3.141409
12.87
3.141828
12.15
3.141504
12.48
3.141317
12.65
3.141334
12.88
3.141489
12.39
3.141551
12.91
3.141262
12.43
3.141735
12.72
3.141531
12.45
3.141516
12.55
3.141921
12.65
3.141671
12.71
3.141399
12.48
3.141348
12.53
3.141634
12.47
3.141378
12.86
3.141850
12.72
3.141882
12.36
3.141359
12.63
3.141500
13.02
3.141850
12.55
3.141046
12.55
3.141314
12.73
3.141882
12.62
3.141700
12.78
3.141508
12.52
3.141999
12.91
3.141054
12.52
3.141583
12.99
3.141649
12.87
3.141057
12.29
3.141813
12.79
3.141616
12.92
3.141988
12.11
3.141458
12.70
3.141619
12.97
3.141653
12.31
3.141885
12.75
3.141452
12.50
3.141633
12.68
3.141492
12.35
3.141534
12.49
3.141530
12.62
3.141449
12.30
3.141598
12.58
3.141488
12.55
3.142185
12.41
3.141888
12.44
3.141519
12.33
3.141661
12.82
3.141451
12.74
3.141562
12.58
3.141847
12.34
3.141880
12.90
3.141869
12.63
3.141497
12.86
3.141401
12.54
3.141813
12.28
3.141254
12.55
3.141664
12.89
3.141602
12.24
3.142088
12.28
3.141252
12.72
3.141896
12.65
3.142060
12.35
3.141403
12.85
3.141577
11.39
3.141350
12.48
3.141648
12.25
3.141194
12.91
3.140975
12.58
3.141683
12.73
3.141634
12.67
3.141607
12.93
3.141390
12.39
3.141474
13.01
3.141623
12.94
3.141264
12.43
3.141508
12.68
3.141629
12.57
3.141862
12.66
3.141541
14.91
3.141103
12.63
3.141803
13.27
3.141705
12.76
3.141612
12.57
3.141808
12.70
3.141935
12.82
3.141001
13.11
3.140889
12.67
3.141790
12.64
3.140932
12.77
3.141699
13.27
3.141462
12.57
3.141621
12.89
3.141661
12.52
3.141091
12.39
3.141649
12.40
3.141818
12.62
3.141565
12.31
3.141516
12.75
3.141496
12.20
3.141428
12.28
3.141592
12.59
3.141727
12.60
3.141541
12.13
3.141354
12.12
3.141709
12.71
3.141446
12.74
3.141817
12.48
3.141764
12.73
3.141821
12.70
3.141560
12.42
3.142038
12.51
3.141621
12.13
3.141728
12.46
3.141742
12.08
3.141817
12.84
3.141659
12.41
3.141858
12.68
3.142195
12.67
3.141355
12.20
3.141706
12.55
3.141443
13.02
3.141503
12.57
3.141658
12.38
3.141840
12.62
3.141731
12.30
3.141567
12.49
3.141046
12.75
3.141747
12.76
3.141581
12.71
3.142257
12.42
3.141344
12.77
3.141337
12.70
3.140828
12.69
3.141638
12.63
3.141564
13.13
3.141696
13.02
3.141014
12.83
3.141582
12.92
3.141168
12.30
3.141775
13.36
3.141932
12.04
3.141486
12.52
3.141687
12.21
3.141590
12.45
3.141871
12.42
3.141459
12.28
3.141966
12.01
3.141731
12.77
3.141443
12.02
3.141795
12.70
3.141363
12.00
3.141763
12.42
3.141615
12.30
3.141529
12.59
3.141402
12.75
3.141575
12.62
3.141726
12.41
3.141497
12.96
3.141481
12.30
3.141887
12.74
3.141497
12.68
3.141976
12.51
3.141241
12.40
3.142104
11.83
3.140916
12.46
3.141899
12.70
3.141839
12.42
3.141837
12.14
3.141892
12.23
3.141601
12.26
3.141696
12.70
3.141578
12.61
3.141291
12.30
3.141639
12.65
3.141470
12.56
3.141196
12.68
3.141702
12.39
3.141535
12.51
3.141651
12.85
3.141841
12.96
3.141384
12.79
3.141583
12.54
3.141796
12.98
3.141841
14.31
3.141484
12.81
3.141167
12.48
3.142354
12.24
3.141658
12.84
3.141893
12.67
3.142014
12.23
3.142151
12.22
3.141646
12.50
3.141626
12.83
3.141589
14.18
3.141750
12.59
3.141812
12.40
3.141131
12.50
3.140993
12.19
3.141655
12.97
3.141774
12.54
3.140925
12.47
3.141606
12.67
3.141264
12.58
3.141687
12.90
3.141795
12.29
3.141693
12.29
3.141496
12.40
3.141030
12.58
3.141302
12.57
3.142114
12.36
3.141947
12.52
3.142024
12.52
3.141870
12.51
3.141140
12.57
3.141767
12.73
3.141886
12.72
3.141500
12.55
3.141896
12.91
3.141199
12.49
3.141508
11.82
3.141401
12.89
3.141502
12.40
3.141460
12.39
3.141675
12.43
3.141383
12.06
3.141616
12.51
3.141633
12.81
3.141836
13.05
3.141661
12.49
3.141939
12.86
3.141629
12.55
3.141840
12.52
3.141770
12.10
3.141779
12.36
3.141192
12.42
3.141871
12.70
3.141255
12.82
3.141689
12.24
3.141150
12.41
3.141621
12.83
3.141733
12.09
3.141836
12.44
3.141597
12.54
3.142184
11.94
3.141215
12.77
3.141115
12.74
3.141884
11.85
3.141589
12.67
3.141794
12.60
3.141495
12.69
3.141423
12.53
3.141530
12.29
3.141854
12.39
3.141424
12.55
3.141984
12.67
3.141226
12.92
3.141805
12.83
3.141591
12.41
3.141241
12.73
3.141136
12.53
3.141551
12.88
3.141637
13.02
3.141621
14.30
3.141543
11.87
3.141927
12.09
3.141602
12.74
3.141834
12.55
3.141482
12.22
3.141642
12.59
3.141676
12.30
3.141582
12.61
3.141604
12.78
3.140995
12.66
3.141662
12.60
3.141800
12.49
3.141243
11.98
3.141416
12.66
3.141396
12.17
3.141543
12.67
3.141286
12.57
3.142049
12.65
3.141577
13.24
3.141109
12.28
3.141277
12.70
3.141839
12.37
3.141869
12.47
3.141974
12.56
3.141566
12.82
3.142240
12.81
3.141255
12.40
3.141464
12.17
3.141852
12.96
3.142105
12.44
3.141635
14.17
3.141154
11.72
3.141612
12.04
3.141857
12.53
3.141199
12.35
3.141790
12.80
3.141371
13.03
3.141395
12.56
3.141327
12.13
3.140896
12.50
3.141847
12.64
3.141802
12.77
3.141308
12.58
3.141417
12.15
3.141904
13.05
3.142190
12.17
3.141598
12.73
3.142001
12.47
3.141783
12.71
3.141699
12.44
3.141758
12.69
3.141519
12.81
3.141235
13.54
3.141853
12.10
3.141618
12.61
3.141755
12.63
3.141332
12.45
3.141736
12.81
3.141637
12.39
3.141862
12.11
3.141606
12.96
3.141591
12.74
3.141744
12.52
3.141242
12.90
3.141618
12.77
3.141559
12.32
3.141619
12.72
3.141324
12.40
3.141810
12.84
3.141195
12.60
3.141510
12.55
3.140866
12.42
3.141593
12.24
3.141081
12.64
3.141977
12.38
3.141233
12.73
3.141547
12.38
3.141725
14.24
3.141585
14.18
3.141839
12.63
3.141748
12.70
3.141945
12.32
3.141164
12.63
3.141906
12.25
3.141528
12.47
3.141862
12.37
3.141608
12.06
3.141141
12.47
3.141507
12.44
3.141467
12.55
3.142088
12.20
3.141383
12.43
3.142267
12.81
3.141602
12.71
3.141521
12.83
3.141243
12.76
3.141866
14.44
3.141611
12.35
3.141202
12.73
3.142213
12.13
3.141656
12.42
3.142059
13.00
3.141458
12.71
3.141324
12.60
3.141628
12.92
3.141713
12.82
3.141290
12.82
3.141665
12.28
3.141560
12.63
3.141908
11.68
3.141662
13.98
3.141837
12.44
3.141702
12.29
3.141865
12.46
3.141769
12.75
3.141491
12.66
3.141582
12.72
3.141392
12.33
3.141392
12.61
3.141754
12.45
3.141441
12.53
3.141585
12.21
3.141410
14.22
3.141589
12.71
3.141974
12.71
3.141254
12.71
3.141676
12.80
3.141183
12.73
3.141358
12.56
3.141589
12.19
3.141878
12.84
3.141888
12.84
3.141001
12.47
3.141402
12.65
3.141668
12.94
3.141668
12.89
3.141431
11.50
3.141506
12.53
3.142194
12.51
3.141674
13.09
3.142154
12.66
3.141772
12.50
3.140947
12.37
3.141693
13.01
3.141810
12.56
3.141573
12.20
3.141701
12.61
3.141503
12.57
3.141991
12.62
3.141236
12.54
3.141748
12.58
3.141645
12.40
3.141772
12.33
3.141615
12.48
3.141423
14.23
3.141345
12.27
3.141700
12.51
3.141650
12.30
3.141235
12.48
3.141813
12.22
3.141579
14.57
3.141802
12.50
3.141628
12.68
3.141845
12.52
3.141886
12.57
3.141537
12.40
3.141482
12.47
3.141974
12.39
3.141825
12.88
3.141266
11.96
3.141466
12.41
3.141899
12.89
3.141605
12.30
3.141668
12.52
3.141796
12.59
3.141055
12.36
3.141814
12.60
3.141211
12.48
3.141559
12.72
3.141830
12.44
3.141866
12.29
3.141607
12.37
3.141908
12.61
3.141547
12.37
3.141765
12.51
3.141931
12.37
3.141437
12.36
3.141239
12.50
3.141782
12.70
3.141112
12.71
3.141806
12.00
3.141722
12.40
3.141617
12.58
3.141728
12.98
3.141924
12.98
3.141910
12.67
3.141669
12.82
3.141850
12.39
3.141000
12.54
3.141468
12.27
3.141527
12.48
3.141707
12.31
