250 2
3.141531
60.30
3.141548
60.29
3.141443
60.70
3.141617
60.35
3.141602
60.30
3.141491
60.49
3.141481
60.62
3.141715
60.31
3.141560
60.39
3.141558
60.46
3.141716
60.42
3.141652
60.40
3.141461
60.45
3.141494
60.44
3.141614
60.69
3.141699
60.22
3.141506
60.64
3.141511
60.63
3.141647
60.36
3.141647
60.24
3.141482
60.15
3.141716
60.35
3.141587
60.25
3.141542
60.39
3.141588
60.45
3.141510
60.80
3.141600
60.23
3.141491
60.78
3.141681
60.21
3.141697
60.31
3.141500
60.60
3.141603
60.43
3.141491
60.34
3.141586
60.33
3.141676
60.33
3.141472
60.34
3.141482
60.64
3.141600
60.71
3.141459
60.43
3.141664
60.33
3.141496
60.62
3.141595
60.63
3.141586
60.37
3.141743
60.69
3.141585
60.27
3.141651
60.62
3.141587
60.36
3.141682
60.64
3.141518
60.20
3.141500
60.59
3.141508
60.64
3.141517
60.50
3.141605
60.75
3.141483
60.73
3.141489
60.39
3.141637
60.56
3.141608
60.39
3.141699
60.62
3.141663
60.59
3.141561
60.63
3.141611
60.35
3.141501
60.37
3.141662
60.51
3.141627
60.32
3.141632
60.35
3.141621
60.23
3.141502
60.74
3.141580
60.81
3.141590
60.59
3.141694
60.51
3.141696
60.71
3.141670
60.66
3.141473
60.37
3.141659
60.37
3.141626
60.72
3.141592
60.74
3.141540
60.34
3.141660
60.63
3.141524
60.40
3.141613
60.65
3.141522
60.47
3.141516
60.73
3.141652
60.39
3.141731
60.26
3.141512
60.69
3.141639
60.59
3.141530
60.23
3.141611
60.36
3.141726
60.30
3.141676
60.65
3.141559
60.65
3.141524
60.25
3.141698
60.51
3.141461
60.30
3.141490
60.23
3.141545
60.53
3.141538
60.41
3.141706
60.33
3.141709
60.29
3.141667
60.39
3.141509
60.35
3.141561
60.37
3.141633
60.31
3.141476
60.43
3.141460
60.71
3.141489
60.21
3.141650
60.59
3.141496
60.36
3.141462
60.27
3.141519
60.40
3.141647
60.51
3.141540
60.73
3.141727
60.61
3.141488
60.61
3.141500
60.62
3.141507
60.21
3.141666
60.60
3.141626
60.33
3.141557
60.66
3.141458
60.18
3.141714
60.29
3.141620
60.59
3.141587
60.60
3.141506
60.69
3.141507
60.58
3.141518
60.31
3.141653
60.23
3.141606
60.37
3.141582
60.31
3.141754
60.28
3.141697
60.51
3.141587
60.74
3.141530
60.70
3.141664
60.32
3.141650
60.53
3.141502
60.26
3.141467
60.58
3.141587
60.58
3.141511
60.42
3.141570
60.38
3.141687
60.69
3.141516
60.22
3.141603
60.75
3.141493
60.27
3.141456
60.30
3.141494
60.60
3.141540
60.82
3.141468
60.31
3.141512
60.64
3.141623
60.30
3.141617
60.55
3.141510
60.63
3.141472
60.44
3.141601
60.75
3.141600
60.33
3.141476
60.23
3.141706
60.43
3.141509
60.41
3.141521
60.26
3.141576
60.38
3.141653
60.79
3.141686
60.37
3.141560
60.60
3.141699
60.49
3.141700
60.46
3.141507
60.28
3.141473
60.73
3.141527
60.48
3.141475
60.70
3.141602
60.53
3.141577
60.64
3.141466
60.67
3.141587
60.29
3.141598
60.39
3.141678
60.30
3.141678
60.38
3.141634
60.49
3.141607
60.58
3.141482
60.55
3.141523
60.36
3.141478
60.61
3.141590
60.49
3.141567
60.71
3.141488
60.24
3.141717
60.65
3.141521
60.36
3.141649
60.60
3.141519
60.55
3.141631
60.36
3.141488
60.42
3.141722
60.37
3.141650
60.62
3.141599
60.38
3.141538
60.73
3.141570
60.62
3.141565
60.77
3.141512
60.47
3.141665
60.67
3.141586
60.21
3.141703
60.39
3.141610
60.29
3.141699
60.59
3.141677
60.61
3.141665
60.69
3.141499
60.69
3.141553
60.45
3.141510
60.25
3.141510
60.62
3.141728
60.60
3.141528
60.40
3.141527
60.39
3.141689
60.33
3.141587
60.19
3.141697
60.71
3.141670
60.36
3.141614
60.24
3.141539
60.70
3.141482
60.73
3.141508
60.76
3.141477
60.71
3.141537
60.59
3.141734
60.62
3.141686
60.56
3.141592
60.35
3.141671
60.73
3.141592
60.59
3.141727
60.26
3.141526
60.31
3.141704
60.67
3.141595
60.33
3.141513
60.60
3.141707
60.72
3.141528
60.76
3.141658
60.58
3.141476
60.31
3.141647
60.53
3.141529
60.59
3.141547
60.37
3.141478
60.71
3.141601
60.36
3.141540
60.24
3.141480
60.65
3.141531
60.62
3.141626
60.69
3.141640
60.68
3.141646
60.38
3.141678
60.71
3.141557
60.32
3.141480
60.23
3.141612
60.57
3.141591
59.89
3.141647
60.10
3.141661
59.81
3.141612
60.02
3.141594
59.68
3.141596
60.34
3.141634
62.62
3.141512
59.81
3.141623
59.81
3.141676
59.90
3.141489
59.77
3.141512
59.95
3.141515
59.85
3.141599
60.04
3.141551
79.09
3.141495
59.76
3.141681
59.97
3.141477
60.15
3.141648
59.76
3.141550
60.10
3.141513
60.07
3.141708
59.81
3.141597
59.73
3.141594
60.35
3.141726
59.92
3.141691
59.54
3.141597
59.71
3.141586
60.13
3.141658
60.06
3.141539
59.96
3.141618
59.87
3.141585
60.08
3.141571
59.76
3.141518
59.54
3.141490
60.15
3.141557
60.38
3.141477
59.93
3.141610
59.74
3.141698
59.63
3.141483
60.51
3.141655
60.06
3.141585
59.96
3.141690
59.83
3.141606
60.20
3.141584
59.53
3.141468
60.15
3.141649
59.72
3.141455
60.53
3.141550
59.89
3.141609
60.13
3.141535
59.98
3.141533
60.00
3.141556
59.80
3.141506
60.01
3.141491
59.88
3.141498
59.68
3.141459
59.84
3.141473
60.09
3.141704
60.07
3.141508
59.83
3.141479
59.95
3.141614
59.97
3.141717
59.52
3.141729
59.88
3.141541
59.96
3.141622
59.78
3.141655
60.09
3.141508
59.78
3.141554
59.66
3.141656
60.21
3.141557
59.65
3.141655
59.77
3.141593
59.90
3.141639
59.81
3.141522
60.30
3.141457
59.83
3.141482
59.82
3.141667
60.36
3.141695
59.75
3.141724
60.13
3.141694
60.07
3.141483
59.86
3.141591
59.77
3.141634
60.04
3.141640
60.11
3.141525
59.47
3.141621
59.67
3.141533
59.98
3.141639
60.23
3.141642
59.76
3.141606
59.80
3.141644
59.84
3.141608
59.94
3.141648
59.90
3.141490
59.38
3.141479
59.90
3.141651
60.04
3.141494
60.19
3.141511
59.52
3.141566
60.08
3.141458
59.75
3.141652
59.44
3.141489
59.63
3.141638
60.08
3.141675
59.72
3.141630
59.75
3.141520
59.57
3.141684
59.99
3.141656
60.14
3.141678
60.21
3.141462
59.91
3.141694
59.81
3.141492
59.83
3.141732
59.94
3.141669
60.24
3.141660
60.02
3.141722
60.06
3.141488
59.97
3.141484
59.78
3.141678
59.88
3.141562
60.11
3.141662
60.09
3.141506
60.05
3.141617
59.56
3.141726
60.04
3.141678
59.49
3.141735
59.74
3.141649
59.75
3.141633
60.05
3.141586
59.84
3.141623
60.19
3.141500
59.98
3.141606
59.82
3.141654
59.68
3.141652
59.89
3.141606
59.38
3.141723
59.94
3.141482
59.92
3.141725
59.68
3.141546
60.23
3.141598
60.13
3.141696
60.12
3.141519
59.50
3.141602
60.26
3.141460
59.83
3.141598
60.15
3.141478
59.64
3.141646
59.90
3.141693
59.63
3.141707
60.09
3.141537
60.20
3.141602
59.72
3.141650
59.85
3.141706
59.45
3.141611
60.28
3.141569
59.93
3.141742
59.85
3.141604
59.70
3.141650
60.19
3.141668
60.08
3.141592
59.97
3.141663
60.36
3.141655
60.02
3.141476
60.09
3.141597
60.16
3.141601
59.78
3.141516
59.73
3.141557
60.03
3.141682
60.04
3.141485
60.26
3.141525
60.03
3.141545
60.00
3.141560
60.20
3.141557
59.90
3.141646
60.10
3.141632
59.65
3.141681
60.29
3.141645
60.27
3.141584
60.16
3.141462
60.22
3.141527
59.77
3.141637
59.84
3.141597
60.30
3.141608
60.09
3.141700
60.22
3.141473
60.37
3.141608
60.34
3.141634
59.71
3.141479
59.92
3.141597
60.03
3.141619
59.66
3.141694
59.97
