250 2
3.141734
41.71
3.141457
41.56
3.141434
41.51
3.141468
41.41
3.141654
41.75
3.141456
41.86
3.141593
41.46
3.141389
41.71
3.141673
41.73
3.141780
41.52
3.141551
40.77
3.141559
41.74
3.141601
41.93
3.141711
41.78
3.141578
41.70
3.141340
41.37
3.141654
42.01
3.141713
41.38
3.141657
41.62
3.141620
41.74
3.141599
41.90
3.141598
41.49
3.141669
41.77
3.141712
41.57
3.141707
41.70
3.141659
41.72
3.141403
41.49
3.141611
41.08
3.141737
41.69
3.141610
41.81
3.141639
41.62
3.141495
41.49
3.141478
41.43
3.141392
41.49
3.141592
40.90
3.141426
41.75
3.141371
41.27
3.141523
41.91
3.141664
42.13
3.141696
41.73
3.141473
41.33
3.141357
41.51
3.141671
41.63
3.141498
41.69
3.141538
41.75
3.141643
41.23
3.141702
41.49
3.141430
41.79
3.141598
41.40
3.141516
41.03
3.141282
41.62
3.141732
41.48
3.141574
41.66
3.141598
40.86
3.141616
41.60
3.141683
41.70
3.141579
41.51
3.141561
41.88
3.141612
41.63
3.141588
41.65
3.141769
41.41
3.141558
41.62
3.141527
41.34
3.141746
41.43
3.141365
41.76
3.141614
41.70
3.141648
42.02
3.141522
40.98
3.141470
41.21
3.141519
41.73
3.141662
41.74
3.141499
41.38
3.141738
41.49
3.141744
41.47
3.141601
41.77
3.141554
41.49
3.141421
41.62
3.141635
41.35
3.141759
41.81
3.141650
42.09
3.141651
41.50
3.141660
54.08
3.141444
41.83
3.141566
41.36
3.141709
41.46
3.141577
41.59
3.141483
41.51
3.141533
41.91
3.141714
41.39
3.141742
41.31
3.141559
54.93
3.141725
41.64
3.141372
40.92
3.141563
41.53
3.141565
41.14
3.141227
41.80
3.141592
50.82
3.141698
41.31
3.141735
52.33
3.141626
40.89
3.141817
41.72
3.141609
41.27
3.141732
41.80
3.141523
41.86
3.141388
41.62
3.141532
42.02
3.141787
41.39
3.141562
40.66
3.141655
41.16
3.141601
41.11
3.141414
41.73
3.141533
41.70
3.141608
41.60
3.141585
41.85
3.141691
41.66
3.141714
52.53
3.141675
41.83
3.141497
51.41
3.141680
41.20
3.141489
41.13
3.141708
41.25
3.141710
40.81
3.141647
41.72
3.141716
41.42
3.141542
41.62
3.141524
52.85
3.141691
41.71
3.141639
41.62
3.141615
41.68
3.141804
41.72
3.141838
41.27
3.141742
41.36
3.141500
42.02
3.141693
41.71
3.141611
41.56
3.141477
41.42
3.141658
41.43
3.141415
41.69
3.141487
41.46
3.141554
42.18
3.141715
40.93
3.141648
41.53
3.141482
41.92
3.141498
41.75
3.141491
41.71
3.141530
41.57
3.141655
41.33
3.141699
41.38
3.141522
41.80
3.141490
41.84
3.141628
41.65
3.141573
41.66
3.141401
41.51
3.141613
41.27
3.141495
41.76
3.141507
41.68
3.141520
41.81
3.141658
41.35
3.141473
41.62
3.141690
41.89
3.141494
41.94
3.141580
41.52
3.141657
42.01
3.141575
41.55
3.141691
41.64
3.141527
41.86
3.141721
41.74
3.141442
41.89
3.141576
41.64
3.141641
41.97
3.141618
41.85
3.141535
41.79
3.141629
41.69
3.141545
52.26
3.141517
41.53
3.141371
41.91
3.141391
41.74
3.141576
41.87
3.141522
52.28
3.141456
41.78
3.141601
41.76
3.141637
41.67
3.141517
53.17
3.141742
41.80
3.141584
41.70
3.141374
41.58
3.141472
41.83
3.141653
41.79
3.141561
41.72
3.141433
41.85
3.141671
41.28
3.141651
41.59
3.141559
53.48
3.141488
41.98
3.141552
42.02
3.141653
41.87
3.141591
41.51
3.141670
41.42
3.141730
41.46
3.141811
41.40
3.141635
41.57
3.141764
41.65
3.141726
42.15
3.141602
41.79
3.141609
41.80
3.141720
41.51
3.141601
41.66
3.141644
41.85
3.141495
42.01
3.141618
41.93
3.141497
41.93
3.141682
41.35
3.141515
41.66
3.141729
41.73
3.141526
41.51
3.141445
41.14
3.141727
41.68
3.141576
41.57
3.141713
41.45
3.141619
41.44
3.141701
41.73
3.141603
41.29
3.141849
41.64
3.141446
41.66
3.141675
53.02
3.141236
41.52
3.141685
41.63
3.141650
41.58
3.141726
41.65
3.141733
41.31
3.141772
41.15
3.141571
41.72
3.141534
41.70
3.141686
41.74
3.141662
50.84
3.141597
41.68
3.141768
41.89
3.141624
41.02
3.141573
41.41
3.141633
53.24
3.141421
41.88
3.141629
41.66
3.141652
41.48
3.141592
41.17
3.141710
41.08
3.141569
41.46
3.141674
41.88
3.141637
41.87
3.141632
41.21
3.141286
41.79
3.141606
42.19
3.141423
41.96
3.141537
42.09
3.141625
41.27
3.141598
41.86
3.141717
41.99
3.141806
41.91
3.141665
42.04
3.141367
41.74
3.141548
42.04
3.141607
41.65
3.141635
41.76
3.141487
41.99
3.141629
41.95
3.141524
41.49
3.141591
41.14
3.141447
41.41
3.141628
42.02
3.141602
41.80
3.141597
41.93
3.141571
41.91
3.141502
41.51
3.141532
41.98
3.141599
40.97
3.141472
41.95
3.141607
42.05
3.141648
41.68
3.141514
41.58
3.141619
41.81
3.141528
41.65
3.141704
41.91
3.141401
41.01
3.141652
41.86
3.141656
41.57
3.141610
41.79
3.141656
41.84
3.141716
42.20
3.141417
42.03
3.141608
41.25
3.141720
41.84
3.141733
41.44
3.141634
42.09
3.141609
42.30
3.141603
41.16
3.141505
41.87
3.141488
41.77
3.141671
42.30
3.141651
41.94
3.141631
41.65
3.141631
53.40
3.141557
42.13
3.141254
42.12
3.141698
41.89
3.141707
41.53
3.141684
42.11
3.141853
41.98
3.141475
41.90
3.141610
41.67
3.141518
42.30
3.141691
42.05
3.141632
41.62
3.141612
41.73
3.141570
42.18
3.141492
42.04
3.141627
42.02
3.141535
41.60
3.141626
41.86
3.141507
41.74
3.141690
42.20
3.141707
41.18
3.141687
41.51
3.141607
41.95
3.141584
41.99
3.141607
41.07
3.141728
41.76
3.141594
41.11
3.141525
41.42
3.141660
42.17
3.141516
41.81
3.141436
41.56
3.141662
41.43
3.141673
42.05
3.141638
41.58
3.141651
41.27
3.141796
41.70
3.141268
41.86
3.141351
42.29
3.141738
41.98
3.141710
41.92
3.141697
41.15
3.141547
41.23
3.141621
41.58
3.141740
41.70
3.141712
41.64
3.141798
41.64
3.141725
41.74
3.141506
41.82
3.141526
42.23
3.141371
41.88
3.141799
41.58
3.141567
42.06
3.141486
41.14
3.141485
41.85
3.141531
41.95
3.141672
42.10
3.141604
41.82
3.141589
42.03
3.141474
41.70
3.141659
41.77
3.141689
41.66
3.141510
42.29
3.141606
52.20
3.141644
42.06
3.141532
41.32
3.141775
41.85
3.141707
41.01
3.141351
42.09
3.141658
41.68
3.141638
41.76
3.141538
41.75
3.141622
41.73
3.141595
41.72
3.141399
42.03
3.141452
41.76
3.141692
41.86
3.141649
41.98
3.141736
41.59
3.141564
41.85
3.141850
42.06
3.141515
41.84
3.141660
41.64
3.141799
42.20
3.141611
42.01
3.141677
41.82
3.141529
41.94
3.141623
42.13
3.141527
41.84
3.141463
42.08
3.141636
42.09
3.141556
41.79
3.141463
41.71
3.141853
41.70
3.141659
42.27
3.141525
53.68
3.141619
41.97
3.141589
41.02
3.141594
41.96
3.141497
41.84
3.141854
41.70
3.141642
42.32
3.141411
41.99
3.141702
41.91
3.141611
42.08
3.141669
41.75
3.141521
41.79
3.141553
41.91
3.141555
41.77
3.141730
41.86
3.141573
41.53
3.141675
42.41
3.141708
42.24
3.141552
42.10
3.141774
41.66
3.141652
42.04
3.141406
41.99
3.141408
41.78
3.141712
41.89
3.141436
41.52
3.141506
41.47
3.141581
41.41
3.141732
41.77
3.141498
41.40
3.141370
41.89
3.141571
42.06
3.141424
41.67
3.141715
41.81
3.141726
42.21
3.141688
41.52
3.141623
41.51
3.141736
42.23
3.141615
41.94
3.141564
41.89
3.141707
42.15
3.141619
41.76
3.141728
41.75
3.141725
41.61
3.141457
41.99
3.141372
41.36
3.141481
42.01
3.141426
41.94
3.141486
42.11
3.141543
41.51
3.141457
41.45
3.141414
41.75
3.141724
41.54
3.141355
41.42
3.141692
42.20
3.141645
41.99
3.141361
41.93
3.141652
50.63
3.141586
41.73
3.141507
41.47
3.141620
41.74
3.141529
41.09
3.141603
52.18
3.141320
42.25
3.141243
42.11
3.141458
41.78
3.141463
41.77
3.141775
41.24
3.141549
41.87
3.141629
41.09
3.141709
41.84
3.141704
41.18
3.141625
41.96
3.141610
42.27
3.141644
41.63
3.141586
41.79
3.141669
41.49
3.141417
41.66
3.141755
53.81
3.141654
41.97
3.141284
41.77
3.141682
41.82
3.141640
42.02
3.141639
41.82
3.141787
41.93
3.141543
42.07
3.141569
50.52
3.141483
41.94
3.141699
41.74
3.141431
42.01
3.141649
41.94
3.141678
41.43
3.141541
42.00
3.141513
41.64
3.141671
41.75
3.141746
42.21
3.141627
41.52
3.141397
42.12
3.141561
41.88
3.141223
41.74
3.141522
40.94
3.141512
41.32
3.141723
42.08
3.141590
42.09
3.141450
41.87
3.141681
41.20
3.141786
41.81
3.141665
42.01
3.141614
41.74
3.141441
41.96
3.141473
42.16
3.141662
42.01
3.141632
41.75
3.141575
42.02
3.141637
41.41
3.141658
42.15
3.141472
41.71
3.141533
52.94
3.141591
42.31
3.141629
41.87
3.141517
42.23
3.141676
41.99
3.141818
42.11
3.141681
42.09
3.141569
41.36
3.141333
42.07
3.141491
53.42
3.141535
42.01
3.141544
41.71
3.141384
41.88
