1000 2
3.141580
39.57
3.141595
39.57
3.141487
45.23
3.141429
39.57
3.141627
43.97
3.141589
40.64
3.141554
43.97
3.141695
39.83
3.141576
69.39
3.141536
39.57
3.141556
39.57
3.141564
43.97
3.141589
39.57
3.141579
43.97
3.141631
39.57
3.141594
43.97
3.141643
39.57
3.141528
43.97
3.141633
39.57
3.141547
43.97
3.141627
39.57
3.141661
43.97
3.141622
39.57
3.141568
43.97
3.141702
39.57
3.141628
43.97
3.141563
39.57
3.141659
43.97
3.141528
39.57
3.141573
39.57
3.141595
43.97
3.141583
39.57
3.141514
43.97
3.141670
49.05
3.141586
43.97
3.141559
39.57
3.141555
45.16
3.141652
39.57
3.141550
43.97
3.141639
39.57
3.141623
43.97
3.141577
39.57
3.141593
43.97
3.141597
39.57
3.141497
43.97
3.141604
40.82
3.141551
43.97
3.141680
39.57
3.141517
43.97
3.141526
39.57
3.141563
43.97
3.141638
39.57
3.141533
39.57
3.141615
43.97
3.141652
39.57
3.141544
43.97
3.141606
39.57
3.141561
43.97
3.141612
39.57
3.141661
43.97
3.141646
39.57
3.141602
43.97
3.141569
39.57
3.141577
43.97
3.141568
39.57
3.141599
46.32
3.141582
52.46
3.141541
43.97
3.141602
39.57
3.141482
43.97
3.141621
39.57
3.141708
43.97
3.141619
39.57
3.141548
43.95
3.141663
39.57
3.141571
39.57
3.141540
45.16
3.141495
39.57
3.141588
55.59
3.141601
39.57
3.141524
43.97
3.141579
39.57
3.141537
43.97
3.141663
39.57
3.141569
45.16
3.141603
39.57
3.141590
43.97
3.141590
39.57
3.141548
39.57
3.141617
43.97
3.141650
39.57
3.141597
43.97
3.141628
39.57
3.141490
43.97
3.141612
39.57
3.141580
43.97
3.141528
39.57
3.141596
43.97
3.141568
39.57
3.141496
43.97
3.141545
39.57
3.141667
43.97
3.141632
39.57
3.141662
45.16
3.141593
39.57
3.141525
43.97
3.141585
39.57
3.141580
39.57
3.141606
43.97
3.141574
39.57
3.141505
43.97
3.141640
39.57
3.141610
43.97
3.141553
39.57
3.141620
43.97
3.141602
39.57
3.141646
43.97
3.141628
39.57
3.141516
43.97
3.141602
39.57
3.141527
43.97
3.141628
39.57
3.141596
46.17
3.141601
39.57
3.141729
44.10
3.141584
40.64
3.141583
39.57
3.141681
43.97
3.141520
39.57
3.141607
43.97
3.141562
39.57
3.141676
43.97
3.141701
39.57
3.141649
43.97
3.141538
40.64
3.141595
46.13
3.141585
39.65
3.141629
43.97
3.141521
39.57
3.141588
43.97
3.141600
39.57
3.141655
43.97
3.141661
39.57
3.141580
39.57
3.141561
43.97
3.141549
42.37
3.141542
43.97
3.141571
39.57
3.141566
44.01
3.141547
39.57
3.141504
44.01
3.141665
39.57
3.141553
43.97
3.141629
39.57
3.141629
44.01
3.141590
39.57
3.141524
43.88
3.141576
39.57
3.141620
43.97
3.141542
39.57
3.141594
43.97
3.141655
39.57
3.141647
46.35
3.141634
39.57
3.141641
39.57
3.141638
45.16
3.141556
39.57
3.141651
43.97
3.141628
49.05
3.141574
43.97
3.141544
39.57
3.141543
43.97
3.141618
39.57
3.141566
43.97
3.141596
39.57
3.141551
43.97
3.141580
39.57
3.141657
43.97
3.141551
39.57
3.141621
43.97
3.141564
45.17
3.141605
43.97
3.141645
39.57
3.141633
43.97
3.141626
39.57
3.141596
43.97
3.141598
39.57
3.141555
43.97
3.141603
39.57
3.141509
43.97
3.141529
49.96
3.141628
43.97
3.141642
39.57
3.141620
39.57
3.141551
43.97
3.141551
39.57
3.141652
43.97
3.141583
39.57
3.141587
43.97
3.141610
39.57
3.141629
43.97
3.141628
39.57
3.141654
43.97
3.141579
45.17
3.141497
43.97
3.141562
39.57
3.141595
43.97
3.141567
39.57
3.141532
43.97
3.141518
39.57
3.141616
43.97
3.141506
39.57
3.141487
43.97
3.141540
39.57
3.141578
39.57
3.141531
43.97
3.141636
39.57
3.141499
43.97
3.141583
39.57
3.141611
43.97
3.141647
39.57
3.141582
43.97
3.141577
39.57
3.141580
43.97
3.141667
39.57
3.141659
43.97
3.141620
39.57
3.141572
43.97
3.141544
39.57
3.141638
43.97
3.141543
39.57
3.141720
43.97
3.141642
39.57
3.141593
39.57
3.141529
44.36
3.141591
39.57
3.141601
43.97
3.141561
39.57
3.141562
43.97
3.141591
39.57
3.141551
43.97
3.141626
39.57
3.141630
43.97
3.141610
39.57
3.141604
54.51
3.141565
39.57
3.141591
43.97
3.141564
39.57
3.141507
39.57
3.141584
43.97
3.141619
39.57
3.141561
43.97
3.141589
39.57
3.141496
43.97
3.141663
39.57
3.141631
43.97
3.141600
39.57
3.141494
43.97
3.141660
39.57
3.141552
43.97
3.141566
39.57
3.141602
43.97
3.141642
39.57
3.141605
43.97
3.141627
39.57
3.141537
43.97
3.141545
39.57
3.141557
39.57
3.141643
43.97
3.141668
39.57
3.141590
43.97
3.141637
39.57
3.141656
43.97
3.141583
39.57
3.141666
43.98
3.141551
43.97
3.141488
43.98
3.141671
43.97
3.141594
43.97
3.141608
43.97
3.141512
43.97
3.141630
43.97
3.141539
43.97
3.141595
44.05
3.141612
66.44
3.141636
43.97
3.141665
43.97
3.141536
43.97
3.141609
43.97
3.141495
43.97
3.141663
43.97
3.141570
43.97
3.141594
43.97
3.141616
43.97
3.141630
43.97
3.141700
43.97
3.141597
43.97
3.141577
43.97
3.141644
43.97
3.141673
43.97
3.141573
43.97
3.141587
43.97
3.141548
46.33
3.141664
43.97
3.141543
43.97
3.141603
43.97
3.141548
44.07
3.141685
43.97
3.141559
43.97
3.141607
43.97
3.141628
43.97
3.141688
43.97
3.141608
43.97
3.141596
43.97
3.141647
43.97
3.141605
43.97
3.141560
43.97
3.141588
43.97
3.141580
43.97
3.141584
45.16
3.141588
43.97
3.141646
43.97
3.141636
43.97
3.141679
43.97
3.141535
43.97
3.141615
43.97
3.141559
43.97
3.141548
43.97
3.141660
43.97
3.141720
43.97
3.141635
43.97
3.141638
43.97
3.141603
43.97
3.141606
43.97
3.141693
45.16
3.141593
43.97
3.141660
43.97
3.141562
43.97
3.141644
43.97
3.141605
43.97
3.141557
43.97
3.141645
43.97
3.141591
43.97
3.141586
43.97
3.141496
43.97
3.141577
43.97
3.141520
43.97
3.141485
43.97
3.141583
43.97
3.141665
43.97
3.141661
43.97
3.141547
43.97
3.141616
43.97
3.141685
63.57
3.141591
43.97
3.141659
43.97
3.141489
43.56
3.141633
43.97
3.141580
43.97
3.141639
43.97
3.141523
43.97
3.141587
43.97
3.141618
43.97
3.141566
43.97
3.141551
43.97
3.141571
43.97
3.141654
43.97
3.141525
65.88
3.141581
45.19
3.141547
43.97
3.141665
43.97
3.141589
43.97
3.141581
43.97
3.141583
43.97
3.141588
44.24
3.141564
43.97
3.141635
44.22
3.141593
43.97
3.141612
43.97
3.141640
43.97
3.141617
44.05
3.141548
43.97
3.141624
43.97
3.141602
43.97
3.141676
43.97
3.141641
43.97
3.141534
43.97
3.141620
43.97
3.141523
43.97
3.141587
43.97
3.141578
43.97
3.141615
43.97
3.141548
54.51
3.141529
43.97
3.141575
44.16
3.141661
43.97
3.141610
43.97
3.141624
43.97
3.141613
43.97
3.141599
43.97
3.141579
43.97
3.141588
55.59
3.141578
43.97
3.141683
46.33
3.141546
70.30
3.141576
43.97
3.141653
44.24
3.141613
43.97
3.141611
43.97
3.141595
43.97
3.141527
43.97
3.141593
43.97
3.141644
43.97
3.141588
43.97
3.141536
43.97
3.141510
43.97
3.141566
43.97
3.141626
43.97
3.141619
43.97
3.141522
45.16
3.141566
43.97
3.141607
43.97
3.141480
43.97
3.141637
43.97
3.141648
43.97
3.141577
43.97
3.141678
43.97
3.141603
43.97
3.141618
43.97
3.141520
43.97
3.141654
43.97
3.141563
43.97
3.141609
43.97
3.141573
43.97
3.141570
43.97
3.141607
43.97
3.141568
43.97
3.141571
43.97
3.141647
43.97
3.141563
44.36
3.141661
43.97
3.141512
43.97
3.141723
43.97
3.141617
43.97
3.141599
43.97
3.141625
43.97
3.141586
43.97
3.141583
43.97
3.141598
43.97
3.141690
47.59
3.141557
43.97
3.141541
43.97
3.141627
43.97
3.141604
43.97
3.141591
43.97
3.141556
43.97
3.141570
66.07
3.141478
44.06
3.141582
43.97
3.141541
43.97
3.141673
43.97
3.141639
43.97
3.141688
43.97
3.141613
43.97
3.141544
43.97
3.141591
43.97
3.141668
43.97
3.141689
43.97
3.141601
43.97
3.141554
43.97
3.141558
43.97
3.141729
43.97
3.141483
43.97
3.141599
43.97
3.141653
43.97
3.141590
43.97
3.141645
45.16
3.141607
44.36
3.141531
46.12
3.141644
43.97
3.141604
43.97
3.141690
46.36
3.141538
43.97
3.141564
43.97
3.141539
43.97
3.141666
43.97
3.141645
43.97
3.141611
43.97
3.141573
43.97
3.141601
43.97
3.141542
43.97
3.141544
43.97
3.141500
43.97
3.141574
43.97
3.141687
43.97
3.141631
43.97
3.141502
43.97
3.141556
43.97
3.141537
43.97
3.141578
43.97
3.141566
43.97
3.141549
43.97
3.141552
55.59
3.141650
43.97
3.141572
43.97
3.141590
43.97
3.141568
43.97
3.141655
43.97
3.141617
43.97
3.141604
43.97
3.141633
43.97
3.141641
43.97
3.141567
43.97
3.141654
43.97
3.141676
43.97
3.141587
43.97
3.141618
43.97
3.141587
45.51
3.141571
43.97
3.141580
45.16
3.141523
43.97
3.141584
43.97
3.141493
43.97
3.141535
43.97
3.141563
43.97
3.141642
43.97
3.141572
43.98
3.141625
43.97
3.141626
43.97
3.141624
43.97
3.141586
43.97
3.141624
43.97
3.141640
43.97
3.141652
43.97
3.141618
43.97
3.141604
43.97
3.141530
43.97
3.141712
43.97
3.141558
43.97
3.141568
43.97
3.141559
43.97
3.141559
43.97
3.141588
43.97
3.141587
43.97
3.141614
43.97
3.141621
43.97
3.141577
43.97
3.141542
43.97
3.141561
43.97
3.141630
43.97
3.141615
43.97
3.141478
43.97
3.141632
43.97
3.141679
43.97
3.141554
43.97
3.141507
45.16
3.141560
43.97
3.141587
43.97
3.141590
43.97
3.141564
43.97
3.141550
43.97
3.141596
45.16
3.141591
43.97
3.141588
43.97
3.141550
43.97
3.141554
43.97
3.141567
43.97
3.141461
43.97
3.141593
43.97
3.141541
43.97
3.141539
43.97
3.141506
43.97
3.141474
43.97
3.141537
45.16
3.141546
43.97
3.141606
43.97
3.141611
43.97
3.141642
43.97
3.141608
43.97
3.141703
43.97
3.141712
45.16
3.141709
43.97
3.141573
43.95
3.141524
43.97
3.141652
43.97
3.141589
46.16
3.141580
43.97
3.141589
43.97
3.141505
46.33
3.141613
43.97
3.141591
43.97
3.141621
43.97
3.141620
43.97
3.141570
43.96
3.141577
43.97
3.141538
43.97
3.141646
43.97
3.141561
55.52
3.141695
43.97
3.141601
43.97
3.141537
43.97
3.141539
43.97
3.141634
45.51
3.141538
43.97
3.141627
43.97
3.141612
43.97
3.141643
43.97
3.141640
43.97
3.141594
43.97
3.141611
43.97
3.141558
46.35
3.141632
43.97
3.141653
43.97
3.141486
43.97
3.141541
43.97
3.141603
43.97
3.141743
43.97
3.141590
43.97
3.141652
43.97
3.141631
43.97
3.141606
43.97
3.141615
43.97
3.141643
43.97
3.141655
43.97
3.141688
43.97
3.141607
43.97
3.141504
45.16
3.141595
43.97
3.141540
43.97
3.141561
43.97
3.141587
43.97
3.141569
44.32
3.141608
43.97
3.141721
43.97
3.141507
43.97
3.141585
43.97
3.141562
43.97
3.141715
44.24
3.141572
43.97
3.141566
43.97
3.141555
47.08
3.141591
43.97
3.141571
43.97
3.141606
43.97
3.141554
43.97
3.141590
43.97
3.141630
43.97
3.141621
43.97
3.141610
43.97
3.141664
43.97
3.141495
43.97
3.141605
43.97
3.141515
43.97
3.141495
43.97
3.141455
43.97
3.141634
43.97
3.141622
43.97
3.141578
44.27
3.141623
45.36
3.141588
44.05
3.141643
43.97
3.141485
43.97
3.141560
43.97
3.141511
43.97
3.141556
43.84
3.141598
43.97
3.141552
43.97
3.141579
43.97
3.141609
43.97
3.141567
43.97
3.141494
43.97
3.141543
43.97
3.141522
43.97
3.141622
43.97
3.141580
43.97
3.141583
46.13
3.141594
43.97
3.141609
43.97
3.141562
43.97
3.141574
43.97
3.141541
43.97
3.141696
43.96
3.141583
43.97
3.141617
43.97
3.141491
43.97
3.141647
43.97
3.141576
43.97
3.141637
43.97
3.141627
43.97
3.141607
43.97
3.141654
43.97
3.141540
43.97
3.141542
43.97
3.141622
44.24
3.141579
43.97
3.141549
43.97
3.141531
46.33
3.141620
43.97
3.141665
45.16
3.141592
43.97
3.141611
43.97
3.141520
43.97
3.141550
43.97
3.141605
43.97
3.141546
43.97
3.141576
43.97
3.141697
54.50
3.141671
43.97
3.141524
43.97
3.141645
43.97
3.141570
43.97
3.141538
43.97
3.141648
43.97
3.141521
43.97
3.141572
43.97
3.141564
43.97
3.141692
43.97
3.141646
43.97
3.141522
43.97
3.141579
43.97
3.141596
43.97
3.141629
43.97
3.141573
43.97
3.141558
43.97
3.141664
43.97
3.141537
43.97
3.141609
43.97
3.141564
43.97
3.141589
43.97
3.141528
50.19
3.141680
43.97
3.141580
43.97
3.141583
43.97
3.141573
43.97
3.141611
43.97
3.141601
43.97
3.141576
43.97
3.141547
43.97
3.141610
45.17
3.141566
43.97
3.141635
43.97
3.141505
43.97
3.141686
43.97
3.141575
43.97
3.141537
55.59
3.141588
43.97
3.141611
43.97
3.141634
43.97
3.141657
43.97
3.141612
43.97
3.141583
43.97
3.141550
43.97
3.141529
43.97
3.141648
43.97
3.141616
43.97
3.141485
43.97
3.141565
43.97
3.141576
43.97
3.141476
43.97
3.141611
43.97
3.141555
43.97
3.141608
43.97
3.141630
43.97
3.141557
43.97
3.141674
43.97
3.141656
43.97
3.141597
43.97
3.141592
43.97
3.141568
45.16
3.141599
43.97
3.141633
43.97
3.141456
43.97
3.141559
65.88
3.141574
66.53
3.141591
43.97
3.141623
43.97
3.141612
43.97
3.141554
45.16
3.141562
43.97
3.141510
43.97
3.141645
43.99
3.141636
43.98
3.141595
43.97
3.141606
43.97
3.141613
43.97
3.141559
43.97
3.141588
43.97
3.141703
43.97
3.141585
43.97
3.141632
43.97
3.141602
43.97
3.141462
44.09
3.141552
43.97
3.141636
43.97
3.141631
44.17
3.141635
43.99
3.141573
45.43
3.141622
44.03
3.141589
43.97
3.141557
43.97
3.141627
43.97
3.141569
45.51
3.141569
65.25
3.141625
44.01
3.141588
43.97
3.141533
44.27
3.141582
43.97
3.141650
43.87
3.141553
43.97
3.141697
46.16
3.141580
43.97
3.141637
44.01
3.141601
43.98
3.141583
43.97
3.141650
43.97
3.141639
43.97
3.141721
43.97
3.141469
43.97
3.141547
45.16
3.141687
43.97
3.141479
43.97
3.141687
47.07
3.141610
43.97
3.141768
43.97
3.141643
43.97
3.141667
43.97
3.141505
43.97
3.141555
45.36
3.141651
43.97
3.141579
46.12
3.141657
43.97
3.141615
43.97
3.141623
43.97
3.141542
43.97
3.141577
43.97
3.141546
43.97
3.141594
43.97
3.141481
43.97
3.141533
54.51
3.141570
43.97
3.141600
43.97
3.141576
44.24
3.141544
43.97
3.141612
43.97
3.141701
43.97
3.141512
43.97
3.141572
43.96
3.141603
43.97
3.141643
43.56
3.141628
43.97
3.141531
43.97
3.141599
45.03
3.141617
43.97
3.141583
43.97
3.141565
43.97
3.141499
43.97
3.141590
43.97
3.141601
43.97
3.141661
43.97
3.141532
44.27
3.141575
43.97
3.141605
43.97
3.141583
43.97
3.141590
43.97
3.141561
43.97
3.141662
43.97
3.141536
43.97
3.141585
43.97
3.141680
43.97
3.141552
50.19
3.141657
43.97
3.141606
43.97
3.141502
43.97
3.141650
43.97
3.141607
43.97
3.141663
43.97
3.141599
43.97
3.141609
43.97
3.141638
43.97
3.141579
43.97
3.141578
43.97
3.141686
43.97
3.141604
43.97
3.141589
43.97
3.141608
43.97
3.141689
58.34
3.141558
43.97
3.141647
44.05
3.141606
43.97
3.141585
43.97
3.141506
43.97
3.141538
43.97
3.141558
43.97
3.141580
43.97
3.141567
43.97
3.141588
43.97
3.141610
43.97
3.141624
43.97
3.141594
43.97
3.141667
43.97
3.141641
43.97
3.141694
43.97
3.141613
43.97
3.141531
47.59
3.141660
43.97
3.141494
43.97
3.141555
43.97
3.141599
43.97
3.141605
43.97
3.141607
43.97
3.141645
43.97
3.141680
46.12
3.141612
43.97
3.141588
43.97
3.141596
46.16
3.141545
43.97
3.141686
43.97
3.141618
43.97
3.141586
43.97
3.141603
47.08
3.141621
43.97
3.141602
63.57
3.141600
43.99
3.141644
43.97
3.141638
43.97
3.141609
45.38
3.141660
43.97
3.141534
43.97
3.141605
43.97
3.141666
43.97
3.141585
43.97
3.141520
43.97
3.141577
69.39
3.141626
43.97
3.141628
43.97
3.141663
43.97
3.141653
43.97
3.141585
43.97
3.141549
43.97
3.141630
43.97
3.141537
43.97
3.141531
47.59
3.141551
43.97
3.141658
47.25
3.141625
43.97
3.141550
43.97
3.141598
43.97
3.141671
43.97
3.141592
43.97
3.141496
43.97
3.141666
43.97
3.141629
43.97
3.141619
43.97
3.141560
43.97
3.141556
43.97
3.141545
47.08
3.141567
43.97
3.141523
43.97
3.141597
43.97
3.141598
43.97
3.141606
43.97
3.141596
43.97
3.141568
43.97
3.141553
43.97
3.141580
43.97
3.141551
43.97
3.141536
43.97
3.141668
43.97
3.141524
43.97
3.141626
43.97
3.141626
65.73
3.141530
43.98
3.141586
43.97
3.141615
43.97
3.141602
43.97
3.141580
45.16
3.141549
43.97
3.141635
43.97
3.141620
43.97
3.141634
43.97
3.141543
43.97
3.141548
43.97
3.141617
43.97
3.141471
43.97
3.141660
43.97
3.141564
43.97
3.141650
43.97
3.141569
43.97
3.141593
43.97
3.141571
43.97
3.141668
43.97
3.141485
45.51
3.141555
43.97
3.141641
43.97
3.141667
43.97
3.141575
43.97
3.141614
43.97
3.141639
43.97
3.141595
43.97
3.141612
43.97
3.141632
58.33
3.141580
43.97
3.141577
43.97
3.141598
43.97
3.141586
44.05
3.141615
43.97
3.141630
43.97
3.141583
43.97
3.141546
43.97
3.141612
43.97
3.141535
43.99
3.141629
51.29
3.141603
44.20
3.141558
43.97
3.141607
43.97
3.141541
43.97
3.141643
43.97
3.141575
43.97
3.141645
43.97
3.141656
45.16
3.141647
43.97
3.141598
43.97
3.141545
43.97
3.141552
43.97
3.141655
43.97
3.141611
43.97
3.141666
43.97
3.141634
43.97
3.141497
43.97
3.141660
43.97
3.141694
43.97
3.141697
43.97
3.141555
43.97
3.141688
54.51
3.141541
43.97
3.141660
43.97
3.141601
43.97
3.141515
43.97
3.141596
43.97
3.141618
43.97
3.141588
43.97
3.141529
43.97
3.141646
43.97
3.141640
43.97
3.141543
43.97
3.141620
43.97
3.141604
43.97
3.141559
43.97
3.141587
43.97
3.141599
43.97
3.141610
43.97
3.141706
43.97
3.141559
46.13
3.141508
43.97
3.141581
43.97
3.141597
43.97
3.141559
43.97
3.141555
43.97
3.141617
43.97
3.141566
43.97
3.141642
43.97
3.141563
43.97
3.141544
43.97
3.141724
43.97
3.141550
45.16
3.141577
43.97
3.141680
43.97
3.141587
43.97
3.141579
43.97
3.141642
43.97
3.141583
45.16
3.141588
43.97
3.141561
45.16
3.141618
43.97
3.141626
43.97
3.141490
43.97
3.141555
43.97
3.141647
43.97
3.141638
43.97
Command terminated by signal 2
27.92
